GET /articles Mon Feb 04 2019 09:17:28 GMT-1000 (Hawaii-Aleutian Standard Time)
GET /articles Mon Feb 04 2019 09:19:04 GMT-1000 (Hawaii-Aleutian Standard Time)
GET /articles/new Mon Feb 04 2019 09:21:57 GMT-1000 (Hawaii-Aleutian Standard Time)
POST /articles Mon Feb 04 2019 09:22:04 GMT-1000 (Hawaii-Aleutian Standard Time)
GET /sadasd Mon Feb 04 2019 09:22:05 GMT-1000 (Hawaii-Aleutian Standard Time)
GET /articles Mon Feb 04 2019 09:22:17 GMT-1000 (Hawaii-Aleutian Standard Time)
GET /sadasd Mon Feb 04 2019 09:22:24 GMT-1000 (Hawaii-Aleutian Standard Time)
GET /sadasd Mon Feb 04 2019 09:22:25 GMT-1000 (Hawaii-Aleutian Standard Time)
GET /sadasd Mon Feb 04 2019 09:23:04 GMT-1000 (Hawaii-Aleutian Standard Time)
GET /articles/sadasd Mon Feb 04 2019 09:23:10 GMT-1000 (Hawaii-Aleutian Standard Time)
POST /articles Mon Feb 04 2019 09:23:15 GMT-1000 (Hawaii-Aleutian Standard Time)
GET /articles/sadasdf Mon Feb 04 2019 09:23:15 GMT-1000 (Hawaii-Aleutian Standard Time)
POST /articles Mon Feb 04 2019 09:23:35 GMT-1000 (Hawaii-Aleutian Standard Time)
POST /articles Mon Feb 04 2019 09:24:08 GMT-1000 (Hawaii-Aleutian Standard Time)
POST /articles Mon Feb 04 2019 09:24:52 GMT-1000 (Hawaii-Aleutian Standard Time)
POST /articles Mon Feb 04 2019 09:27:03 GMT-1000 (Hawaii-Aleutian Standard Time)
POST /articles Mon Feb 04 2019 09:28:59 GMT-1000 (Hawaii-Aleutian Standard Time)
GET /articles Mon Feb 04 2019 09:32:20 GMT-1000 (Hawaii-Aleutian Standard Time)
GET /articles/new Mon Feb 04 2019 09:32:23 GMT-1000 (Hawaii-Aleutian Standard Time)
POST /articles Mon Feb 04 2019 09:32:29 GMT-1000 (Hawaii-Aleutian Standard Time)
GET /articles Mon Feb 04 2019 09:33:04 GMT-1000 (Hawaii-Aleutian Standard Time)
GET /articles/new Mon Feb 04 2019 09:33:34 GMT-1000 (Hawaii-Aleutian Standard Time)
GET /articles/new Mon Feb 04 2019 09:34:10 GMT-1000 (Hawaii-Aleutian Standard Time)
GET /products Mon Feb 04 2019 09:44:57 GMT-1000 (Hawaii-Aleutian Standard Time)
GET /products/1 Mon Feb 04 2019 09:45:02 GMT-1000 (Hawaii-Aleutian Standard Time)
GET /products/1/edit Mon Feb 04 2019 09:45:06 GMT-1000 (Hawaii-Aleutian Standard Time)
GET /products/1/edit Mon Feb 04 2019 09:45:36 GMT-1000 (Hawaii-Aleutian Standard Time)
GET /products/0/edit Mon Feb 04 2019 09:45:48 GMT-1000 (Hawaii-Aleutian Standard Time)
GET /products/3/edit Mon Feb 04 2019 09:45:54 GMT-1000 (Hawaii-Aleutian Standard Time)
GET /products/4/edit Mon Feb 04 2019 09:45:58 GMT-1000 (Hawaii-Aleutian Standard Time)
GET /products/5/edit Mon Feb 04 2019 09:46:04 GMT-1000 (Hawaii-Aleutian Standard Time)
PUT /products/5 Mon Feb 04 2019 09:46:12 GMT-1000 (Hawaii-Aleutian Standard Time)
GET /products/5/edit Mon Feb 04 2019 09:47:28 GMT-1000 (Hawaii-Aleutian Standard Time)
PUT /products/5 Mon Feb 04 2019 09:47:34 GMT-1000 (Hawaii-Aleutian Standard Time)
PUT /products/5 Mon Feb 04 2019 09:48:27 GMT-1000 (Hawaii-Aleutian Standard Time)
PUT /products/5 Mon Feb 04 2019 09:48:39 GMT-1000 (Hawaii-Aleutian Standard Time)
PUT /products/5 Mon Feb 04 2019 09:49:34 GMT-1000 (Hawaii-Aleutian Standard Time)
PUT /products/5 Mon Feb 04 2019 09:50:54 GMT-1000 (Hawaii-Aleutian Standard Time)
PUT /products/5 Mon Feb 04 2019 09:51:11 GMT-1000 (Hawaii-Aleutian Standard Time)
PUT /products/5 Mon Feb 04 2019 09:52:06 GMT-1000 (Hawaii-Aleutian Standard Time)
PUT /products/5 Mon Feb 04 2019 09:52:43 GMT-1000 (Hawaii-Aleutian Standard Time)
PUT /products/5 Mon Feb 04 2019 09:54:01 GMT-1000 (Hawaii-Aleutian Standard Time)
PUT /products/5 Mon Feb 04 2019 09:54:20 GMT-1000 (Hawaii-Aleutian Standard Time)
PUT /products/5 Mon Feb 04 2019 09:54:50 GMT-1000 (Hawaii-Aleutian Standard Time)
PUT /products/5 Mon Feb 04 2019 09:55:14 GMT-1000 (Hawaii-Aleutian Standard Time)
PUT /products/5 Mon Feb 04 2019 09:55:23 GMT-1000 (Hawaii-Aleutian Standard Time)
GET /products/4/edit Mon Feb 04 2019 09:55:35 GMT-1000 (Hawaii-Aleutian Standard Time)
GET /products/3/edit Mon Feb 04 2019 09:55:40 GMT-1000 (Hawaii-Aleutian Standard Time)
GET /products/5/edit Mon Feb 04 2019 09:55:42 GMT-1000 (Hawaii-Aleutian Standard Time)
PUT /products/5 Mon Feb 04 2019 09:55:47 GMT-1000 (Hawaii-Aleutian Standard Time)
PUT /products/5 Mon Feb 04 2019 09:56:35 GMT-1000 (Hawaii-Aleutian Standard Time)
PUT /products/5 Mon Feb 04 2019 09:57:00 GMT-1000 (Hawaii-Aleutian Standard Time)
PUT /products/5 Mon Feb 04 2019 09:57:38 GMT-1000 (Hawaii-Aleutian Standard Time)
PUT /products/5 Mon Feb 04 2019 09:58:24 GMT-1000 (Hawaii-Aleutian Standard Time)
PUT /products/5 Mon Feb 04 2019 09:58:56 GMT-1000 (Hawaii-Aleutian Standard Time)
PUT /products/5 Mon Feb 04 2019 09:59:19 GMT-1000 (Hawaii-Aleutian Standard Time)
PUT /products/5 Mon Feb 04 2019 10:01:33 GMT-1000 (Hawaii-Aleutian Standard Time)
PUT /products/5 Mon Feb 04 2019 10:01:46 GMT-1000 (Hawaii-Aleutian Standard Time)
PUT /products/5 Mon Feb 04 2019 10:02:46 GMT-1000 (Hawaii-Aleutian Standard Time)
PUT /products/5 Mon Feb 04 2019 10:05:52 GMT-1000 (Hawaii-Aleutian Standard Time)
PUT /products/5 Mon Feb 04 2019 10:06:04 GMT-1000 (Hawaii-Aleutian Standard Time)
PUT /products/5 Mon Feb 04 2019 10:06:10 GMT-1000 (Hawaii-Aleutian Standard Time)
PUT /products/5 Mon Feb 04 2019 10:06:14 GMT-1000 (Hawaii-Aleutian Standard Time)
PUT /products/5 Mon Feb 04 2019 10:06:27 GMT-1000 (Hawaii-Aleutian Standard Time)
GET /products/5 Mon Feb 04 2019 10:06:28 GMT-1000 (Hawaii-Aleutian Standard Time)
GET /products Mon Feb 04 2019 10:06:32 GMT-1000 (Hawaii-Aleutian Standard Time)
PUT /products/5 Mon Feb 04 2019 10:07:13 GMT-1000 (Hawaii-Aleutian Standard Time)
PUT /products/5 Mon Feb 04 2019 10:07:21 GMT-1000 (Hawaii-Aleutian Standard Time)
PUT /products/5 Mon Feb 04 2019 10:07:53 GMT-1000 (Hawaii-Aleutian Standard Time)
PUT /products/5 Mon Feb 04 2019 10:08:22 GMT-1000 (Hawaii-Aleutian Standard Time)
PUT /products/5 Mon Feb 04 2019 10:08:26 GMT-1000 (Hawaii-Aleutian Standard Time)
GET /articles Mon Feb 04 2019 10:09:54 GMT-1000 (Hawaii-Aleutian Standard Time)
GET /articles/ Mon Feb 04 2019 10:09:55 GMT-1000 (Hawaii-Aleutian Standard Time)
GET /articles/sadasdf Mon Feb 04 2019 10:10:06 GMT-1000 (Hawaii-Aleutian Standard Time)
GET /articles/sadasdf/edit Mon Feb 04 2019 10:10:09 GMT-1000 (Hawaii-Aleutian Standard Time)
PUT /articles/ Mon Feb 04 2019 10:10:19 GMT-1000 (Hawaii-Aleutian Standard Time)
PUT /articles/ Mon Feb 04 2019 10:11:41 GMT-1000 (Hawaii-Aleutian Standard Time)
PUT /articles/ Mon Feb 04 2019 10:11:54 GMT-1000 (Hawaii-Aleutian Standard Time)
PUT /articles/ Mon Feb 04 2019 10:12:33 GMT-1000 (Hawaii-Aleutian Standard Time)
PUT /articles/ Mon Feb 04 2019 10:14:53 GMT-1000 (Hawaii-Aleutian Standard Time)
GET /articles/sadasdf/edit Mon Feb 04 2019 10:16:24 GMT-1000 (Hawaii-Aleutian Standard Time)
PUT /articles/sadasdf Mon Feb 04 2019 10:16:27 GMT-1000 (Hawaii-Aleutian Standard Time)
GET /articles/sadasdf/edit Mon Feb 04 2019 10:16:32 GMT-1000 (Hawaii-Aleutian Standard Time)
GET /articles Mon Feb 04 2019 10:16:37 GMT-1000 (Hawaii-Aleutian Standard Time)
GET /articles/sadasdf/edit Mon Feb 04 2019 10:16:59 GMT-1000 (Hawaii-Aleutian Standard Time)
PUT /articles/sadasdf Mon Feb 04 2019 10:17:01 GMT-1000 (Hawaii-Aleutian Standard Time)
PUT /articles/sadasdf Mon Feb 04 2019 10:17:41 GMT-1000 (Hawaii-Aleutian Standard Time)
PUT /articles/sadasdf Mon Feb 04 2019 10:18:00 GMT-1000 (Hawaii-Aleutian Standard Time)
PUT /articles/sadasdf Mon Feb 04 2019 10:18:19 GMT-1000 (Hawaii-Aleutian Standard Time)
PUT /articles/sadasdf Mon Feb 04 2019 10:22:23 GMT-1000 (Hawaii-Aleutian Standard Time)
PUT /articles/sadasdf Mon Feb 04 2019 10:22:30 GMT-1000 (Hawaii-Aleutian Standard Time)
GET /articles Mon Feb 04 2019 10:22:41 GMT-1000 (Hawaii-Aleutian Standard Time)
GET /articles/sadasdf/ Mon Feb 04 2019 10:22:51 GMT-1000 (Hawaii-Aleutian Standard Time)
GET /articles/sadasdf/edit Mon Feb 04 2019 10:22:54 GMT-1000 (Hawaii-Aleutian Standard Time)
PUT /articles/sadasdf Mon Feb 04 2019 10:22:57 GMT-1000 (Hawaii-Aleutian Standard Time)
PUT /articles/sadasdf Mon Feb 04 2019 10:23:22 GMT-1000 (Hawaii-Aleutian Standard Time)
PUT /articles/sadasdf Mon Feb 04 2019 10:24:01 GMT-1000 (Hawaii-Aleutian Standard Time)
PUT /articles/sadasdf Mon Feb 04 2019 10:24:29 GMT-1000 (Hawaii-Aleutian Standard Time)
PUT /articles/sadasdf Mon Feb 04 2019 10:24:57 GMT-1000 (Hawaii-Aleutian Standard Time)
PUT /articles/sadasdf Mon Feb 04 2019 10:25:25 GMT-1000 (Hawaii-Aleutian Standard Time)
PUT /articles/sadasdf Mon Feb 04 2019 10:26:23 GMT-1000 (Hawaii-Aleutian Standard Time)
GET /articles/sadasdfg Mon Feb 04 2019 10:26:23 GMT-1000 (Hawaii-Aleutian Standard Time)
GET /articles Mon Feb 04 2019 10:26:27 GMT-1000 (Hawaii-Aleutian Standard Time)
GET /articles Mon Feb 04 2019 10:26:47 GMT-1000 (Hawaii-Aleutian Standard Time)
PUT /articles/sadasdf Mon Feb 04 2019 10:26:52 GMT-1000 (Hawaii-Aleutian Standard Time)
GET /articles/sadasdfg Mon Feb 04 2019 10:26:52 GMT-1000 (Hawaii-Aleutian Standard Time)
GET /articles/sadasdfg/edit Mon Feb 04 2019 10:26:56 GMT-1000 (Hawaii-Aleutian Standard Time)
PUT /articles/sadasdfg Mon Feb 04 2019 10:26:59 GMT-1000 (Hawaii-Aleutian Standard Time)
GET /articles/sadasdfgfsdfsd Mon Feb 04 2019 10:26:59 GMT-1000 (Hawaii-Aleutian Standard Time)
GET /articles Mon Feb 04 2019 10:27:02 GMT-1000 (Hawaii-Aleutian Standard Time)
GET /articles/ Mon Feb 04 2019 10:31:17 GMT-1000 (Hawaii-Aleutian Standard Time)
GET /articles/sasasd Mon Feb 04 2019 10:31:25 GMT-1000 (Hawaii-Aleutian Standard Time)
GET /articles/mybook Mon Feb 04 2019 10:31:41 GMT-1000 (Hawaii-Aleutian Standard Time)
GET /articles/mybook/edit Mon Feb 04 2019 10:31:47 GMT-1000 (Hawaii-Aleutian Standard Time)
PUT /articles/mybook Mon Feb 04 2019 10:31:54 GMT-1000 (Hawaii-Aleutian Standard Time)
PUT /articles/mybook Mon Feb 04 2019 10:40:06 GMT-1000 (Hawaii-Aleutian Standard Time)
PUT /articles/mybook Mon Feb 04 2019 10:40:12 GMT-1000 (Hawaii-Aleutian Standard Time)
PUT /articles/mybook Mon Feb 04 2019 10:40:48 GMT-1000 (Hawaii-Aleutian Standard Time)
GET /articles/mybook/edit Mon Feb 04 2019 10:51:02 GMT-1000 (Hawaii-Aleutian Standard Time)
PUT /articles/mybook Mon Feb 04 2019 10:51:11 GMT-1000 (Hawaii-Aleutian Standard Time)
PUT /articles/mybook Mon Feb 04 2019 10:51:47 GMT-1000 (Hawaii-Aleutian Standard Time)
PUT /articles/mybook Mon Feb 04 2019 10:53:07 GMT-1000 (Hawaii-Aleutian Standard Time)
GET /articles/BUILD%20A%20HOUSE/edit Mon Feb 04 2019 10:53:31 GMT-1000 (Hawaii-Aleutian Standard Time)
PUT /articles/build%20a%20house Mon Feb 04 2019 10:53:41 GMT-1000 (Hawaii-Aleutian Standard Time)
PUT /articles/build%20a%20house Mon Feb 04 2019 10:54:59 GMT-1000 (Hawaii-Aleutian Standard Time)
GET /products Mon Feb 04 2019 10:57:17 GMT-1000 (Hawaii-Aleutian Standard Time)
GET /products/5/edit Mon Feb 04 2019 10:57:22 GMT-1000 (Hawaii-Aleutian Standard Time)
PUT /products/5 Mon Feb 04 2019 10:57:28 GMT-1000 (Hawaii-Aleutian Standard Time)
PUT /products/5 Mon Feb 04 2019 10:57:39 GMT-1000 (Hawaii-Aleutian Standard Time)
PUT /products/ Mon Feb 04 2019 10:59:03 GMT-1000 (Hawaii-Aleutian Standard Time)
PUT /products/5 Mon Feb 04 2019 10:59:06 GMT-1000 (Hawaii-Aleutian Standard Time)
PUT /products/ Mon Feb 04 2019 10:59:07 GMT-1000 (Hawaii-Aleutian Standard Time)
PUT /products/5 Mon Feb 04 2019 10:59:16 GMT-1000 (Hawaii-Aleutian Standard Time)
PUT /products/5 Mon Feb 04 2019 10:59:43 GMT-1000 (Hawaii-Aleutian Standard Time)
PUT /products/ Mon Feb 04 2019 10:59:59 GMT-1000 (Hawaii-Aleutian Standard Time)
PUT /products/5 Mon Feb 04 2019 11:00:03 GMT-1000 (Hawaii-Aleutian Standard Time)
PUT /products/5 Mon Feb 04 2019 11:00:27 GMT-1000 (Hawaii-Aleutian Standard Time)
PUT /products/5 Mon Feb 04 2019 11:00:52 GMT-1000 (Hawaii-Aleutian Standard Time)
PUT /products/5 Mon Feb 04 2019 11:01:15 GMT-1000 (Hawaii-Aleutian Standard Time)
PUT /products/5 Mon Feb 04 2019 11:02:05 GMT-1000 (Hawaii-Aleutian Standard Time)
PUT /products/5 Mon Feb 04 2019 11:02:10 GMT-1000 (Hawaii-Aleutian Standard Time)
PUT /products/5 Mon Feb 04 2019 11:02:12 GMT-1000 (Hawaii-Aleutian Standard Time)
PUT /products/5 Mon Feb 04 2019 11:02:13 GMT-1000 (Hawaii-Aleutian Standard Time)
PUT /products/5 Mon Feb 04 2019 11:02:43 GMT-1000 (Hawaii-Aleutian Standard Time)
PUT /products/5 Mon Feb 04 2019 11:02:46 GMT-1000 (Hawaii-Aleutian Standard Time)
PUT /products/5 Mon Feb 04 2019 11:02:48 GMT-1000 (Hawaii-Aleutian Standard Time)
GET /products/5/edit Mon Feb 04 2019 11:06:21 GMT-1000 (Hawaii-Aleutian Standard Time)
PUT /products/5 Mon Feb 04 2019 11:06:27 GMT-1000 (Hawaii-Aleutian Standard Time)
PUT /products/ Mon Feb 04 2019 11:06:29 GMT-1000 (Hawaii-Aleutian Standard Time)
PUT /products/5 Mon Feb 04 2019 11:07:01 GMT-1000 (Hawaii-Aleutian Standard Time)
PUT /products/5 Mon Feb 04 2019 11:07:38 GMT-1000 (Hawaii-Aleutian Standard Time)
GET /articles Mon Feb 04 2019 11:12:53 GMT-1000 (Hawaii-Aleutian Standard Time)
GET /articles/ Mon Feb 04 2019 11:12:55 GMT-1000 (Hawaii-Aleutian Standard Time)
GET /articles/BUILD%20A%20HOUSE/edit Mon Feb 04 2019 11:13:15 GMT-1000 (Hawaii-Aleutian Standard Time)
PUT /articles/build%20a%20house Mon Feb 04 2019 11:13:27 GMT-1000 (Hawaii-Aleutian Standard Time)
PUT /articles/build%20a%20house Mon Feb 04 2019 11:13:58 GMT-1000 (Hawaii-Aleutian Standard Time)
PUT /articles/build%20a%20house Mon Feb 04 2019 11:14:46 GMT-1000 (Hawaii-Aleutian Standard Time)
PUT /articles/build%20a%20house Mon Feb 04 2019 11:15:08 GMT-1000 (Hawaii-Aleutian Standard Time)
GET /products Mon Feb 04 2019 11:26:31 GMT-1000 (Hawaii-Aleutian Standard Time)
GET /products/2/edit Mon Feb 04 2019 11:26:36 GMT-1000 (Hawaii-Aleutian Standard Time)
GET /products/2 Mon Feb 04 2019 11:26:41 GMT-1000 (Hawaii-Aleutian Standard Time)
GET /products/3/edit Mon Feb 04 2019 11:26:47 GMT-1000 (Hawaii-Aleutian Standard Time)
GET /products/3 Mon Feb 04 2019 11:26:52 GMT-1000 (Hawaii-Aleutian Standard Time)
GET /products/3 Mon Feb 04 2019 11:27:43 GMT-1000 (Hawaii-Aleutian Standard Time)
GET /products/3 Mon Feb 04 2019 11:28:14 GMT-1000 (Hawaii-Aleutian Standard Time)
PUT /products/3 Mon Feb 04 2019 11:28:56 GMT-1000 (Hawaii-Aleutian Standard Time)
GET /products/3 Mon Feb 04 2019 11:28:56 GMT-1000 (Hawaii-Aleutian Standard Time)
PUT /products/3 Mon Feb 04 2019 11:29:21 GMT-1000 (Hawaii-Aleutian Standard Time)
GET /products/3 Mon Feb 04 2019 11:29:21 GMT-1000 (Hawaii-Aleutian Standard Time)
GET /products/3 Mon Feb 04 2019 11:29:34 GMT-1000 (Hawaii-Aleutian Standard Time)
GET /products/3 Mon Feb 04 2019 11:29:51 GMT-1000 (Hawaii-Aleutian Standard Time)
GET /products/3 Mon Feb 04 2019 11:30:08 GMT-1000 (Hawaii-Aleutian Standard Time)
GET /products/3 Mon Feb 04 2019 11:30:47 GMT-1000 (Hawaii-Aleutian Standard Time)
GET /products/3 Mon Feb 04 2019 11:31:26 GMT-1000 (Hawaii-Aleutian Standard Time)
GET /products/3 Mon Feb 04 2019 11:33:26 GMT-1000 (Hawaii-Aleutian Standard Time)
GET /products/3 Mon Feb 04 2019 11:34:32 GMT-1000 (Hawaii-Aleutian Standard Time)
GET /products/4/edit Mon Feb 04 2019 11:34:38 GMT-1000 (Hawaii-Aleutian Standard Time)
GET /products/4 Mon Feb 04 2019 11:34:42 GMT-1000 (Hawaii-Aleutian Standard Time)
GET /products/4 Mon Feb 04 2019 11:36:04 GMT-1000 (Hawaii-Aleutian Standard Time)
GET /products/3 Mon Feb 04 2019 11:36:18 GMT-1000 (Hawaii-Aleutian Standard Time)
DELETE /articles/Mybook%204 Mon Feb 04 2019 11:38:09 GMT-1000 (Hawaii-Aleutian Standard Time)
DELETE /articles/Mybook%204 Mon Feb 04 2019 11:38:43 GMT-1000 (Hawaii-Aleutian Standard Time)
GET /articles Mon Feb 04 2019 11:38:43 GMT-1000 (Hawaii-Aleutian Standard Time)
DELETE /products/3 Mon Feb 04 2019 11:39:31 GMT-1000 (Hawaii-Aleutian Standard Time)
GET /products Mon Feb 04 2019 11:39:31 GMT-1000 (Hawaii-Aleutian Standard Time)
DELETE /products/3 Mon Feb 04 2019 11:39:41 GMT-1000 (Hawaii-Aleutian Standard Time)
GET /products Mon Feb 04 2019 11:39:41 GMT-1000 (Hawaii-Aleutian Standard Time)
DELETE /products/3 Mon Feb 04 2019 11:40:25 GMT-1000 (Hawaii-Aleutian Standard Time)
GET /products Mon Feb 04 2019 11:40:25 GMT-1000 (Hawaii-Aleutian Standard Time)
GET /articles Mon Feb 04 2019 11:42:42 GMT-1000 (Hawaii-Aleutian Standard Time)
GET /articles/mybook Mon Feb 04 2019 11:42:47 GMT-1000 (Hawaii-Aleutian Standard Time)
GET /articles/mybook%20222 Mon Feb 04 2019 11:42:50 GMT-1000 (Hawaii-Aleutian Standard Time)
GET /articles/mybook/edit Mon Feb 04 2019 11:44:54 GMT-1000 (Hawaii-Aleutian Standard Time)
GET /articles/mybook34/edit Mon Feb 04 2019 11:45:07 GMT-1000 (Hawaii-Aleutian Standard Time)
GET /articles/mybook34/edit Mon Feb 04 2019 11:46:22 GMT-1000 (Hawaii-Aleutian Standard Time)
GET /products/1/edit Mon Feb 04 2019 11:47:35 GMT-1000 (Hawaii-Aleutian Standard Time)
GET /products/1/edit Mon Feb 04 2019 11:48:10 GMT-1000 (Hawaii-Aleutian Standard Time)
GET /products/1/edit Mon Feb 04 2019 11:49:49 GMT-1000 (Hawaii-Aleutian Standard Time)
GET /products/5/edit Mon Feb 04 2019 11:49:53 GMT-1000 (Hawaii-Aleutian Standard Time)
GET /products/5/edit Mon Feb 04 2019 11:51:50 GMT-1000 (Hawaii-Aleutian Standard Time)
PUT /products/5 Mon Feb 04 2019 11:51:53 GMT-1000 (Hawaii-Aleutian Standard Time)
GET /products/5 Mon Feb 04 2019 11:51:53 GMT-1000 (Hawaii-Aleutian Standard Time)
PUT /products/5 Mon Feb 04 2019 11:51:59 GMT-1000 (Hawaii-Aleutian Standard Time)
GET /products/5 Mon Feb 04 2019 11:51:59 GMT-1000 (Hawaii-Aleutian Standard Time)
GET /products/5/edit Mon Feb 04 2019 11:52:02 GMT-1000 (Hawaii-Aleutian Standard Time)
PUT /products/5 Mon Feb 04 2019 11:52:10 GMT-1000 (Hawaii-Aleutian Standard Time)
GET /products/5 Mon Feb 04 2019 11:52:10 GMT-1000 (Hawaii-Aleutian Standard Time)
GET /products/5/edit Mon Feb 04 2019 11:52:13 GMT-1000 (Hawaii-Aleutian Standard Time)
PUT /products/5 Mon Feb 04 2019 11:52:16 GMT-1000 (Hawaii-Aleutian Standard Time)
GET /products/5 Mon Feb 04 2019 11:52:16 GMT-1000 (Hawaii-Aleutian Standard Time)
GET /products/5 Mon Feb 04 2019 11:53:46 GMT-1000 (Hawaii-Aleutian Standard Time)
GET /products/5/edit Mon Feb 04 2019 11:53:49 GMT-1000 (Hawaii-Aleutian Standard Time)
PUT /products/5 Mon Feb 04 2019 11:53:54 GMT-1000 (Hawaii-Aleutian Standard Time)
GET /products/5 Mon Feb 04 2019 11:53:54 GMT-1000 (Hawaii-Aleutian Standard Time)
GET /products/new Mon Feb 04 2019 11:54:00 GMT-1000 (Hawaii-Aleutian Standard Time)
POST /products Mon Feb 04 2019 11:54:06 GMT-1000 (Hawaii-Aleutian Standard Time)
GET /products/6 Mon Feb 04 2019 11:54:06 GMT-1000 (Hawaii-Aleutian Standard Time)
GET /products Mon Feb 04 2019 11:54:09 GMT-1000 (Hawaii-Aleutian Standard Time)
GET /articles Mon Feb 04 2019 11:54:15 GMT-1000 (Hawaii-Aleutian Standard Time)
GET /articles/build%20a%20house Mon Feb 04 2019 11:54:25 GMT-1000 (Hawaii-Aleutian Standard Time)
GET /articles/build%20a%20house/edit Mon Feb 04 2019 11:54:30 GMT-1000 (Hawaii-Aleutian Standard Time)
PUT /articles/build%20a%20house Mon Feb 04 2019 11:54:36 GMT-1000 (Hawaii-Aleutian Standard Time)
PUT /articles/build%20a%20house Mon Feb 04 2019 11:54:47 GMT-1000 (Hawaii-Aleutian Standard Time)
GET /articles/build%20a%20nice%20house Mon Feb 04 2019 11:54:47 GMT-1000 (Hawaii-Aleutian Standard Time)
GET /articles/new Mon Feb 04 2019 11:54:54 GMT-1000 (Hawaii-Aleutian Standard Time)
POST /articles Mon Feb 04 2019 11:54:59 GMT-1000 (Hawaii-Aleutian Standard Time)
GET /articles/dfdsfsd Mon Feb 04 2019 11:54:59 GMT-1000 (Hawaii-Aleutian Standard Time)
GET /articles Mon Feb 04 2019 11:55:04 GMT-1000 (Hawaii-Aleutian Standard Time)
DELETE /articles/Mybook Mon Feb 04 2019 11:55:13 GMT-1000 (Hawaii-Aleutian Standard Time)
GET /articles Mon Feb 04 2019 11:55:13 GMT-1000 (Hawaii-Aleutian Standard Time)
DELETE /articles/Mybook Mon Feb 04 2019 11:55:23 GMT-1000 (Hawaii-Aleutian Standard Time)
GET /articles Mon Feb 04 2019 11:55:23 GMT-1000 (Hawaii-Aleutian Standard Time)
DELETE /products/5 Mon Feb 04 2019 11:55:39 GMT-1000 (Hawaii-Aleutian Standard Time)
GET /products Mon Feb 04 2019 11:55:39 GMT-1000 (Hawaii-Aleutian Standard Time)
DELETE /products/6 Mon Feb 04 2019 11:55:47 GMT-1000 (Hawaii-Aleutian Standard Time)
GET /products Mon Feb 04 2019 11:55:47 GMT-1000 (Hawaii-Aleutian Standard Time)
GET /products Mon Feb 04 2019 11:56:37 GMT-1000 (Hawaii-Aleutian Standard Time)
GET /products Mon Feb 04 2019 12:00:10 GMT-1000 (Hawaii-Aleutian Standard Time)
GET /products/new Mon Feb 04 2019 12:00:11 GMT-1000 (Hawaii-Aleutian Standard Time)
GET /products/new Mon Feb 04 2019 12:09:12 GMT-1000 (Hawaii-Aleutian Standard Time)
POST /products Mon Feb 04 2019 12:09:19 GMT-1000 (Hawaii-Aleutian Standard Time)
GET /products/7 Mon Feb 04 2019 12:09:19 GMT-1000 (Hawaii-Aleutian Standard Time)
GET /products/products/7/edit Mon Feb 04 2019 12:09:20 GMT-1000 (Hawaii-Aleutian Standard Time)
GET /products/products/7/edit Mon Feb 04 2019 12:09:37 GMT-1000 (Hawaii-Aleutian Standard Time)
GET /products/7 Mon Feb 04 2019 12:09:41 GMT-1000 (Hawaii-Aleutian Standard Time)
GET /products/7/edit Mon Feb 04 2019 12:09:43 GMT-1000 (Hawaii-Aleutian Standard Time)
GET /products/7 Mon Feb 04 2019 12:09:57 GMT-1000 (Hawaii-Aleutian Standard Time)
DELETE /products/7 Mon Feb 04 2019 12:09:58 GMT-1000 (Hawaii-Aleutian Standard Time)
GET /products Mon Feb 04 2019 12:09:58 GMT-1000 (Hawaii-Aleutian Standard Time)
GET /products/new Mon Feb 04 2019 12:10:09 GMT-1000 (Hawaii-Aleutian Standard Time)
POST /products Mon Feb 04 2019 12:10:19 GMT-1000 (Hawaii-Aleutian Standard Time)
GET /products/8 Mon Feb 04 2019 12:10:19 GMT-1000 (Hawaii-Aleutian Standard Time)
GET /products Mon Feb 04 2019 12:10:24 GMT-1000 (Hawaii-Aleutian Standard Time)
GET /products/new Mon Feb 04 2019 12:13:27 GMT-1000 (Hawaii-Aleutian Standard Time)
GET /products/8 Mon Feb 04 2019 12:13:31 GMT-1000 (Hawaii-Aleutian Standard Time)
DELETE /products/8 Mon Feb 04 2019 12:13:33 GMT-1000 (Hawaii-Aleutian Standard Time)
GET /products Mon Feb 04 2019 12:13:34 GMT-1000 (Hawaii-Aleutian Standard Time)
GET /articles Mon Feb 04 2019 12:13:38 GMT-1000 (Hawaii-Aleutian Standard Time)
GET /articles/sadasdfgfsdfsd Mon Feb 04 2019 12:13:41 GMT-1000 (Hawaii-Aleutian Standard Time)
GET /articles/sadasdfgfsdfsd/edit Mon Feb 04 2019 12:13:43 GMT-1000 (Hawaii-Aleutian Standard Time)
DELETE /articles/sadasdfgfsdfsd Mon Feb 04 2019 12:13:46 GMT-1000 (Hawaii-Aleutian Standard Time)
GET /articles Mon Feb 04 2019 12:13:46 GMT-1000 (Hawaii-Aleutian Standard Time)
GET /articles/sadasd Mon Feb 04 2019 12:13:48 GMT-1000 (Hawaii-Aleutian Standard Time)
DELETE /articles/sadasd Mon Feb 04 2019 12:13:49 GMT-1000 (Hawaii-Aleutian Standard Time)
GET /articles Mon Feb 04 2019 12:13:49 GMT-1000 (Hawaii-Aleutian Standard Time)
GET /articles/dfdsfsd Mon Feb 04 2019 12:13:50 GMT-1000 (Hawaii-Aleutian Standard Time)
DELETE /articles/dfdsfsd Mon Feb 04 2019 12:13:51 GMT-1000 (Hawaii-Aleutian Standard Time)
GET /articles Mon Feb 04 2019 12:13:51 GMT-1000 (Hawaii-Aleutian Standard Time)
GET /articles/new Mon Feb 04 2019 12:13:53 GMT-1000 (Hawaii-Aleutian Standard Time)
GET /articles/how%20to%20downsize Mon Feb 04 2019 12:14:43 GMT-1000 (Hawaii-Aleutian Standard Time)
