GET / Sat Feb 02 2019 14:28:35 GMT-1000 (Hawaii-Aleutian Standard Time)
GET /products Sat Feb 02 2019 14:28:43 GMT-1000 (Hawaii-Aleutian Standard Time)
GET /articles Sat Feb 02 2019 14:29:01 GMT-1000 (Hawaii-Aleutian Standard Time)
GET /articles Sat Feb 02 2019 14:30:37 GMT-1000 (Hawaii-Aleutian Standard Time)
GET /articles Sat Feb 02 2019 14:33:15 GMT-1000 (Hawaii-Aleutian Standard Time)
GET /articles Sat Feb 02 2019 14:39:33 GMT-1000 (Hawaii-Aleutian Standard Time)
GET /articles Sat Feb 02 2019 14:39:53 GMT-1000 (Hawaii-Aleutian Standard Time)
GET /articles Sat Feb 02 2019 14:46:27 GMT-1000 (Hawaii-Aleutian Standard Time)
GET /articles Sat Feb 02 2019 14:47:32 GMT-1000 (Hawaii-Aleutian Standard Time)
GET /articles Sat Feb 02 2019 14:48:30 GMT-1000 (Hawaii-Aleutian Standard Time)
GET /articles Sat Feb 02 2019 14:48:45 GMT-1000 (Hawaii-Aleutian Standard Time)
GET /articles Sat Feb 02 2019 14:50:00 GMT-1000 (Hawaii-Aleutian Standard Time)
GET /articles Sat Feb 02 2019 14:51:54 GMT-1000 (Hawaii-Aleutian Standard Time)
GET /articles Sat Feb 02 2019 14:56:33 GMT-1000 (Hawaii-Aleutian Standard Time)
GET /products Sat Feb 02 2019 14:59:03 GMT-1000 (Hawaii-Aleutian Standard Time)
GET /articles Sat Feb 02 2019 14:59:30 GMT-1000 (Hawaii-Aleutian Standard Time)
GET /articles Sat Feb 02 2019 15:00:00 GMT-1000 (Hawaii-Aleutian Standard Time)
GET /products/1/edit Sat Feb 02 2019 15:00:07 GMT-1000 (Hawaii-Aleutian Standard Time)
GET /products/1 Sat Feb 02 2019 15:00:11 GMT-1000 (Hawaii-Aleutian Standard Time)
GET /products Sat Feb 02 2019 15:00:11 GMT-1000 (Hawaii-Aleutian Standard Time)
GET /products Sat Feb 02 2019 15:00:50 GMT-1000 (Hawaii-Aleutian Standard Time)
GET /products/new Sat Feb 02 2019 15:06:02 GMT-1000 (Hawaii-Aleutian Standard Time)
POST /products Sat Feb 02 2019 15:06:14 GMT-1000 (Hawaii-Aleutian Standard Time)
GET /products/0 Sat Feb 02 2019 15:06:14 GMT-1000 (Hawaii-Aleutian Standard Time)
POST /products Sat Feb 02 2019 15:09:29 GMT-1000 (Hawaii-Aleutian Standard Time)
GET /products/0 Sat Feb 02 2019 15:09:29 GMT-1000 (Hawaii-Aleutian Standard Time)
POST /products Sat Feb 02 2019 15:10:07 GMT-1000 (Hawaii-Aleutian Standard Time)
GET /products/0 Sat Feb 02 2019 15:10:07 GMT-1000 (Hawaii-Aleutian Standard Time)
POST /products Sat Feb 02 2019 15:11:33 GMT-1000 (Hawaii-Aleutian Standard Time)
GET /products/0 Sat Feb 02 2019 15:11:33 GMT-1000 (Hawaii-Aleutian Standard Time)
POST /products Sat Feb 02 2019 15:16:05 GMT-1000 (Hawaii-Aleutian Standard Time)
POST /products Sat Feb 02 2019 15:16:51 GMT-1000 (Hawaii-Aleutian Standard Time)
GET /products Sat Feb 02 2019 15:16:57 GMT-1000 (Hawaii-Aleutian Standard Time)
GET /products Sat Feb 02 2019 15:24:50 GMT-1000 (Hawaii-Aleutian Standard Time)
GET /articles Sat Feb 02 2019 15:24:53 GMT-1000 (Hawaii-Aleutian Standard Time)
GET /products Sat Feb 02 2019 15:25:06 GMT-1000 (Hawaii-Aleutian Standard Time)
GET /products/new Sat Feb 02 2019 15:25:08 GMT-1000 (Hawaii-Aleutian Standard Time)
POST /products Sat Feb 02 2019 15:25:14 GMT-1000 (Hawaii-Aleutian Standard Time)
POST /products Sat Feb 02 2019 15:27:43 GMT-1000 (Hawaii-Aleutian Standard Time)
POST /products Sat Feb 02 2019 15:27:57 GMT-1000 (Hawaii-Aleutian Standard Time)
GET /products Sat Feb 02 2019 15:28:41 GMT-1000 (Hawaii-Aleutian Standard Time)
GET /products/new Sat Feb 02 2019 15:28:45 GMT-1000 (Hawaii-Aleutian Standard Time)
POST /products Sat Feb 02 2019 15:28:53 GMT-1000 (Hawaii-Aleutian Standard Time)
GET /products/new Sat Feb 02 2019 15:29:37 GMT-1000 (Hawaii-Aleutian Standard Time)
POST /products Sat Feb 02 2019 15:29:44 GMT-1000 (Hawaii-Aleutian Standard Time)
POST /products Sat Feb 02 2019 15:30:16 GMT-1000 (Hawaii-Aleutian Standard Time)
POST /products Sat Feb 02 2019 15:30:40 GMT-1000 (Hawaii-Aleutian Standard Time)
POST /products Sat Feb 02 2019 15:31:25 GMT-1000 (Hawaii-Aleutian Standard Time)
GET /products/10 Sat Feb 02 2019 15:31:25 GMT-1000 (Hawaii-Aleutian Standard Time)
GET /products/10 Sat Feb 02 2019 15:33:34 GMT-1000 (Hawaii-Aleutian Standard Time)
GET /products/10 Sat Feb 02 2019 15:34:16 GMT-1000 (Hawaii-Aleutian Standard Time)
GET /products/10 Sat Feb 02 2019 15:34:42 GMT-1000 (Hawaii-Aleutian Standard Time)
GET /products/10 Sat Feb 02 2019 15:35:09 GMT-1000 (Hawaii-Aleutian Standard Time)
GET /products/10 Sat Feb 02 2019 15:36:17 GMT-1000 (Hawaii-Aleutian Standard Time)
GET /articles/1 Sat Feb 02 2019 15:38:31 GMT-1000 (Hawaii-Aleutian Standard Time)
GET /articles/1 Sat Feb 02 2019 15:39:33 GMT-1000 (Hawaii-Aleutian Standard Time)
GET /articles/how%20to%20downsize Sat Feb 02 2019 15:39:54 GMT-1000 (Hawaii-Aleutian Standard Time)
GET /articles/how%20to%20downsize Sat Feb 02 2019 15:40:23 GMT-1000 (Hawaii-Aleutian Standard Time)
GET /articles/how%20to%20downsize Sat Feb 02 2019 15:40:44 GMT-1000 (Hawaii-Aleutian Standard Time)
GET /articles/how%20to%20downsize Sat Feb 02 2019 15:40:59 GMT-1000 (Hawaii-Aleutian Standard Time)
GET /articles/how%20to%20downsize Sat Feb 02 2019 15:41:41 GMT-1000 (Hawaii-Aleutian Standard Time)
GET /articles/how%20to%20downsize Sat Feb 02 2019 15:42:49 GMT-1000 (Hawaii-Aleutian Standard Time)
GET /articles/how%20to%20downsize Sat Feb 02 2019 15:43:20 GMT-1000 (Hawaii-Aleutian Standard Time)
GET /articles/new Sat Feb 02 2019 15:46:29 GMT-1000 (Hawaii-Aleutian Standard Time)
POST /articles Sat Feb 02 2019 15:46:35 GMT-1000 (Hawaii-Aleutian Standard Time)
POST /articles Sat Feb 02 2019 15:48:35 GMT-1000 (Hawaii-Aleutian Standard Time)
POST /articles Sat Feb 02 2019 15:49:18 GMT-1000 (Hawaii-Aleutian Standard Time)
POST /articles Sat Feb 02 2019 15:49:26 GMT-1000 (Hawaii-Aleutian Standard Time)
POST /articles Sat Feb 02 2019 15:50:53 GMT-1000 (Hawaii-Aleutian Standard Time)
GET /articles/build%20a%20house Sat Feb 02 2019 15:51:56 GMT-1000 (Hawaii-Aleutian Standard Time)
GET /articles/BUILD%20A%20HOUSE Sat Feb 02 2019 15:52:04 GMT-1000 (Hawaii-Aleutian Standard Time)
GET /articles/BUILD%20A%20HOUSE Sat Feb 02 2019 15:52:07 GMT-1000 (Hawaii-Aleutian Standard Time)
GET /articles/build%20a%20house Sat Feb 02 2019 15:52:21 GMT-1000 (Hawaii-Aleutian Standard Time)
GET /articles/build%20a%20house Sat Feb 02 2019 15:52:31 GMT-1000 (Hawaii-Aleutian Standard Time)
POST /articles Sat Feb 02 2019 15:54:47 GMT-1000 (Hawaii-Aleutian Standard Time)
GET /products/qdqwd%20rr%20t Sat Feb 02 2019 15:54:47 GMT-1000 (Hawaii-Aleutian Standard Time)
POST /articles Sat Feb 02 2019 15:54:51 GMT-1000 (Hawaii-Aleutian Standard Time)
GET /products/qdqwd%20rr%20tada Sat Feb 02 2019 15:54:51 GMT-1000 (Hawaii-Aleutian Standard Time)
POST /articles Sat Feb 02 2019 15:55:48 GMT-1000 (Hawaii-Aleutian Standard Time)
GET /articles Sat Feb 02 2019 15:56:06 GMT-1000 (Hawaii-Aleutian Standard Time)
POST /articles Sat Feb 02 2019 15:56:19 GMT-1000 (Hawaii-Aleutian Standard Time)
GET /products/qdlah Sat Feb 02 2019 15:56:19 GMT-1000 (Hawaii-Aleutian Standard Time)
POST /articles Sat Feb 02 2019 15:57:10 GMT-1000 (Hawaii-Aleutian Standard Time)
POST /articles Sat Feb 02 2019 15:57:15 GMT-1000 (Hawaii-Aleutian Standard Time)
GET /articles/qdlahefsf Sat Feb 02 2019 15:57:15 GMT-1000 (Hawaii-Aleutian Standard Time)
GET /articles Sat Feb 02 2019 15:57:23 GMT-1000 (Hawaii-Aleutian Standard Time)
POST /articles Sat Feb 02 2019 15:57:57 GMT-1000 (Hawaii-Aleutian Standard Time)
GET /articles/a%20fun%20article Sat Feb 02 2019 15:57:57 GMT-1000 (Hawaii-Aleutian Standard Time)
GET /articles Sat Feb 02 2019 15:58:02 GMT-1000 (Hawaii-Aleutian Standard Time)
GET /articles Sat Feb 02 2019 16:00:47 GMT-1000 (Hawaii-Aleutian Standard Time)
GET /articles Sat Feb 02 2019 16:06:36 GMT-1000 (Hawaii-Aleutian Standard Time)
GET /products Sat Feb 02 2019 16:12:50 GMT-1000 (Hawaii-Aleutian Standard Time)
GET /products/1 Sat Feb 02 2019 16:12:51 GMT-1000 (Hawaii-Aleutian Standard Time)
GET /products/1/edit Sat Feb 02 2019 16:12:52 GMT-1000 (Hawaii-Aleutian Standard Time)
GET /products/1/edit Sat Feb 02 2019 16:13:44 GMT-1000 (Hawaii-Aleutian Standard Time)
GET /products/1/edit Sat Feb 02 2019 16:13:55 GMT-1000 (Hawaii-Aleutian Standard Time)
GET /articles Sat Feb 02 2019 16:14:01 GMT-1000 (Hawaii-Aleutian Standard Time)
GET /favicon.ico Sat Feb 02 2019 16:14:01 GMT-1000 (Hawaii-Aleutian Standard Time)
GET /products/1/edit Sat Feb 02 2019 16:14:06 GMT-1000 (Hawaii-Aleutian Standard Time)
GET /products/0/edit Sat Feb 02 2019 16:14:21 GMT-1000 (Hawaii-Aleutian Standard Time)
GET /products/2/edit Sat Feb 02 2019 16:14:26 GMT-1000 (Hawaii-Aleutian Standard Time)
GET /products/3/edit Sat Feb 02 2019 16:14:36 GMT-1000 (Hawaii-Aleutian Standard Time)
GET /products/2/edit Sat Feb 02 2019 16:18:35 GMT-1000 (Hawaii-Aleutian Standard Time)
GET /products/2/edit Sat Feb 02 2019 16:18:42 GMT-1000 (Hawaii-Aleutian Standard Time)
PUT /products/ Sat Feb 02 2019 16:18:45 GMT-1000 (Hawaii-Aleutian Standard Time)
PUT /products/ Sat Feb 02 2019 16:20:14 GMT-1000 (Hawaii-Aleutian Standard Time)
PUT /products/ Sat Feb 02 2019 16:20:37 GMT-1000 (Hawaii-Aleutian Standard Time)
PUT /products/ Sat Feb 02 2019 16:20:59 GMT-1000 (Hawaii-Aleutian Standard Time)
PUT /products/ Sat Feb 02 2019 16:21:18 GMT-1000 (Hawaii-Aleutian Standard Time)
PUT /products/ Sat Feb 02 2019 16:21:45 GMT-1000 (Hawaii-Aleutian Standard Time)
GET /products/2/edit Sat Feb 02 2019 16:23:13 GMT-1000 (Hawaii-Aleutian Standard Time)
PUT /products/2 Sat Feb 02 2019 16:23:39 GMT-1000 (Hawaii-Aleutian Standard Time)
PUT /products/2 Sat Feb 02 2019 16:24:25 GMT-1000 (Hawaii-Aleutian Standard Time)
PUT /products/2 Sat Feb 02 2019 16:26:25 GMT-1000 (Hawaii-Aleutian Standard Time)
PUT /products/2 Sat Feb 02 2019 16:27:02 GMT-1000 (Hawaii-Aleutian Standard Time)
GET /products Sat Feb 02 2019 16:27:23 GMT-1000 (Hawaii-Aleutian Standard Time)
PUT /products/2 Sat Feb 02 2019 16:28:53 GMT-1000 (Hawaii-Aleutian Standard Time)
GET /products/2 Sat Feb 02 2019 16:28:53 GMT-1000 (Hawaii-Aleutian Standard Time)
PUT /products/2 Sat Feb 02 2019 16:29:29 GMT-1000 (Hawaii-Aleutian Standard Time)
GET /products/2 Sat Feb 02 2019 16:29:29 GMT-1000 (Hawaii-Aleutian Standard Time)
GET /products Sat Feb 02 2019 16:30:04 GMT-1000 (Hawaii-Aleutian Standard Time)
PUT /products/2 Sat Feb 02 2019 16:30:12 GMT-1000 (Hawaii-Aleutian Standard Time)
GET /products/2 Sat Feb 02 2019 16:30:12 GMT-1000 (Hawaii-Aleutian Standard Time)
PUT /products/2 Sat Feb 02 2019 16:32:59 GMT-1000 (Hawaii-Aleutian Standard Time)
GET /products/2 Sat Feb 02 2019 16:32:59 GMT-1000 (Hawaii-Aleutian Standard Time)
PUT /products/2 Sat Feb 02 2019 16:33:05 GMT-1000 (Hawaii-Aleutian Standard Time)
PUT /products/2 Sat Feb 02 2019 16:34:17 GMT-1000 (Hawaii-Aleutian Standard Time)
PUT /products/2 Sat Feb 02 2019 16:34:59 GMT-1000 (Hawaii-Aleutian Standard Time)
PUT /products/2 Sat Feb 02 2019 16:35:52 GMT-1000 (Hawaii-Aleutian Standard Time)
GET /products/2 Sat Feb 02 2019 16:35:52 GMT-1000 (Hawaii-Aleutian Standard Time)
PUT /products/2 Sat Feb 02 2019 16:35:56 GMT-1000 (Hawaii-Aleutian Standard Time)
PUT /products/2 Sat Feb 02 2019 16:36:09 GMT-1000 (Hawaii-Aleutian Standard Time)
GET /products Sat Feb 02 2019 16:36:14 GMT-1000 (Hawaii-Aleutian Standard Time)
PUT /products/2 Sat Feb 02 2019 16:36:36 GMT-1000 (Hawaii-Aleutian Standard Time)
GET /products Sat Feb 02 2019 16:36:36 GMT-1000 (Hawaii-Aleutian Standard Time)
PUT /products/2 Sat Feb 02 2019 16:37:29 GMT-1000 (Hawaii-Aleutian Standard Time)
PUT /products/2 Sat Feb 02 2019 16:37:42 GMT-1000 (Hawaii-Aleutian Standard Time)
GET /products/2/edit Sat Feb 02 2019 16:37:43 GMT-1000 (Hawaii-Aleutian Standard Time)
POST /products Sat Feb 02 2019 16:42:58 GMT-1000 (Hawaii-Aleutian Standard Time)
GET /products/3 Sat Feb 02 2019 16:42:59 GMT-1000 (Hawaii-Aleutian Standard Time)
GET /products Sat Feb 02 2019 16:43:10 GMT-1000 (Hawaii-Aleutian Standard Time)
PUT /products/1 Sat Feb 02 2019 16:43:27 GMT-1000 (Hawaii-Aleutian Standard Time)
GET /products/1 Sat Feb 02 2019 16:43:27 GMT-1000 (Hawaii-Aleutian Standard Time)
GET /products Sat Feb 02 2019 16:43:29 GMT-1000 (Hawaii-Aleutian Standard Time)
PUT /products/2 Sat Feb 02 2019 16:44:10 GMT-1000 (Hawaii-Aleutian Standard Time)
GET /products/2 Sat Feb 02 2019 16:44:10 GMT-1000 (Hawaii-Aleutian Standard Time)
GET /products Sat Feb 02 2019 16:44:12 GMT-1000 (Hawaii-Aleutian Standard Time)
PUT /products/1 Sat Feb 02 2019 16:44:26 GMT-1000 (Hawaii-Aleutian Standard Time)
GET /products/1 Sat Feb 02 2019 16:44:26 GMT-1000 (Hawaii-Aleutian Standard Time)
GET /products Sat Feb 02 2019 16:44:28 GMT-1000 (Hawaii-Aleutian Standard Time)
PUT /products/0 Sat Feb 02 2019 16:44:34 GMT-1000 (Hawaii-Aleutian Standard Time)
GET /products/0 Sat Feb 02 2019 16:44:34 GMT-1000 (Hawaii-Aleutian Standard Time)
GET /products Sat Feb 02 2019 16:44:35 GMT-1000 (Hawaii-Aleutian Standard Time)
PUT /products/4 Sat Feb 02 2019 16:44:45 GMT-1000 (Hawaii-Aleutian Standard Time)
GET /products/4 Sat Feb 02 2019 16:44:45 GMT-1000 (Hawaii-Aleutian Standard Time)
PUT /products/1 Sat Feb 02 2019 16:44:51 GMT-1000 (Hawaii-Aleutian Standard Time)
GET /products/1 Sat Feb 02 2019 16:44:51 GMT-1000 (Hawaii-Aleutian Standard Time)
PUT /products/3 Sat Feb 02 2019 16:44:54 GMT-1000 (Hawaii-Aleutian Standard Time)
GET /products/3 Sat Feb 02 2019 16:44:54 GMT-1000 (Hawaii-Aleutian Standard Time)
GET /products Sat Feb 02 2019 16:44:56 GMT-1000 (Hawaii-Aleutian Standard Time)
DELETE /products/1 Sat Feb 02 2019 16:45:11 GMT-1000 (Hawaii-Aleutian Standard Time)
GET /products Sat Feb 02 2019 16:45:11 GMT-1000 (Hawaii-Aleutian Standard Time)
GET /products Sat Feb 02 2019 16:45:16 GMT-1000 (Hawaii-Aleutian Standard Time)
DELETE /products/1 Sat Feb 02 2019 16:45:19 GMT-1000 (Hawaii-Aleutian Standard Time)
GET /products Sat Feb 02 2019 16:45:19 GMT-1000 (Hawaii-Aleutian Standard Time)
GET /products Sat Feb 02 2019 16:45:20 GMT-1000 (Hawaii-Aleutian Standard Time)
DELETE /products/2 Sat Feb 02 2019 16:45:25 GMT-1000 (Hawaii-Aleutian Standard Time)
GET /products Sat Feb 02 2019 16:45:25 GMT-1000 (Hawaii-Aleutian Standard Time)
GET /products Sat Feb 02 2019 16:45:29 GMT-1000 (Hawaii-Aleutian Standard Time)
GET /articles Sat Feb 02 2019 16:49:06 GMT-1000 (Hawaii-Aleutian Standard Time)
GET /articles/1 Sat Feb 02 2019 16:49:10 GMT-1000 (Hawaii-Aleutian Standard Time)
GET /articles/BUILD%20A%20HOUSE Sat Feb 02 2019 16:49:28 GMT-1000 (Hawaii-Aleutian Standard Time)
GET /articles/BUILD%20A%20HOUSE/edit Sat Feb 02 2019 16:49:33 GMT-1000 (Hawaii-Aleutian Standard Time)
GET /articles/BUILD%20A%20HOUSE/edit Sat Feb 02 2019 16:50:01 GMT-1000 (Hawaii-Aleutian Standard Time)
GET /articles/BUILD%20A%20HOUSE/edit Sat Feb 02 2019 16:50:09 GMT-1000 (Hawaii-Aleutian Standard Time)
GET /articles/BUILD%20A%20HOUSE/edit Sat Feb 02 2019 16:50:28 GMT-1000 (Hawaii-Aleutian Standard Time)
GET /articles/BUILD%20A%20HOUSE/edit Sat Feb 02 2019 16:51:02 GMT-1000 (Hawaii-Aleutian Standard Time)
GET /articles/BUILD%20A%20HOUSE/edit Sat Feb 02 2019 16:51:22 GMT-1000 (Hawaii-Aleutian Standard Time)
GET /articles/BUILD%20A%20HOUSE/edit Sat Feb 02 2019 16:51:48 GMT-1000 (Hawaii-Aleutian Standard Time)
GET /articles Sat Feb 02 2019 16:53:28 GMT-1000 (Hawaii-Aleutian Standard Time)
POST /articles/ Sat Feb 02 2019 16:53:41 GMT-1000 (Hawaii-Aleutian Standard Time)
GET /articles/articles/mybook%204 Sat Feb 02 2019 16:53:42 GMT-1000 (Hawaii-Aleutian Standard Time)
GET /articles Sat Feb 02 2019 16:53:55 GMT-1000 (Hawaii-Aleutian Standard Time)
DELETE /articles/Mybook%206 Sat Feb 02 2019 16:54:04 GMT-1000 (Hawaii-Aleutian Standard Time)
DELETE /articles/Mybook%204 Sat Feb 02 2019 16:54:12 GMT-1000 (Hawaii-Aleutian Standard Time)
DELETE /articles/Mybook%204 Sat Feb 02 2019 16:54:59 GMT-1000 (Hawaii-Aleutian Standard Time)
GET /articles Sat Feb 02 2019 16:54:59 GMT-1000 (Hawaii-Aleutian Standard Time)
POST /articles/ Sat Feb 02 2019 16:55:21 GMT-1000 (Hawaii-Aleutian Standard Time)
GET /articles/articles/mybook%204 Sat Feb 02 2019 16:55:21 GMT-1000 (Hawaii-Aleutian Standard Time)
GET /articles Sat Feb 02 2019 16:55:25 GMT-1000 (Hawaii-Aleutian Standard Time)
DELETE /articles/Mybook%204 Sat Feb 02 2019 16:55:30 GMT-1000 (Hawaii-Aleutian Standard Time)
GET /articles Sat Feb 02 2019 16:55:30 GMT-1000 (Hawaii-Aleutian Standard Time)
POST /articles/ Sat Feb 02 2019 16:56:39 GMT-1000 (Hawaii-Aleutian Standard Time)
GET /articles/articles/mybook%204 Sat Feb 02 2019 16:56:39 GMT-1000 (Hawaii-Aleutian Standard Time)
GET /articles Sat Feb 02 2019 16:56:46 GMT-1000 (Hawaii-Aleutian Standard Time)
DELETE /articles/Mybook%204 Sat Feb 02 2019 16:56:51 GMT-1000 (Hawaii-Aleutian Standard Time)
GET /articles Sat Feb 02 2019 16:56:51 GMT-1000 (Hawaii-Aleutian Standard Time)
POST /articles/ Sat Feb 02 2019 16:57:00 GMT-1000 (Hawaii-Aleutian Standard Time)
GET /articles/articles/mybook%204 Sat Feb 02 2019 16:57:00 GMT-1000 (Hawaii-Aleutian Standard Time)
DELETE /articles/Mybook%204 Sat Feb 02 2019 16:57:35 GMT-1000 (Hawaii-Aleutian Standard Time)
GET /articles Sat Feb 02 2019 16:57:35 GMT-1000 (Hawaii-Aleutian Standard Time)
POST /articles/ Sat Feb 02 2019 16:57:38 GMT-1000 (Hawaii-Aleutian Standard Time)
GET /articles/mybook%204 Sat Feb 02 2019 16:57:38 GMT-1000 (Hawaii-Aleutian Standard Time)
POST /products Sat Feb 02 2019 16:57:51 GMT-1000 (Hawaii-Aleutian Standard Time)
POST /products Sat Feb 02 2019 16:57:59 GMT-1000 (Hawaii-Aleutian Standard Time)
GET /products/5 Sat Feb 02 2019 16:57:59 GMT-1000 (Hawaii-Aleutian Standard Time)
POST /articles/ Sat Feb 02 2019 17:00:21 GMT-1000 (Hawaii-Aleutian Standard Time)
POST /articles/ Sat Feb 02 2019 17:01:43 GMT-1000 (Hawaii-Aleutian Standard Time)
DELETE /articles/Mybook%204 Sat Feb 02 2019 17:01:55 GMT-1000 (Hawaii-Aleutian Standard Time)
GET /articles Sat Feb 02 2019 17:01:55 GMT-1000 (Hawaii-Aleutian Standard Time)
POST /articles/ Sat Feb 02 2019 17:01:58 GMT-1000 (Hawaii-Aleutian Standard Time)
GET /articles/mybook%204 Sat Feb 02 2019 17:01:58 GMT-1000 (Hawaii-Aleutian Standard Time)
PUT /articles/Mybook%204 Sat Feb 02 2019 17:02:26 GMT-1000 (Hawaii-Aleutian Standard Time)
GET /articles/Mybook%204 Sat Feb 02 2019 17:02:26 GMT-1000 (Hawaii-Aleutian Standard Time)
GET /articles Sat Feb 02 2019 17:02:32 GMT-1000 (Hawaii-Aleutian Standard Time)
GET /articles/mybook Sat Feb 02 2019 17:02:38 GMT-1000 (Hawaii-Aleutian Standard Time)
GET /articles/mybook%204 Sat Feb 02 2019 17:02:45 GMT-1000 (Hawaii-Aleutian Standard Time)
DELETE /articles/Mybook%204 Sat Feb 02 2019 17:05:00 GMT-1000 (Hawaii-Aleutian Standard Time)
GET /articles Sat Feb 02 2019 17:05:00 GMT-1000 (Hawaii-Aleutian Standard Time)
GET /articles/mybook%204 Sat Feb 02 2019 17:05:04 GMT-1000 (Hawaii-Aleutian Standard Time)
GET /articles Sat Feb 02 2019 17:05:07 GMT-1000 (Hawaii-Aleutian Standard Time)
POST /articles/ Sat Feb 02 2019 17:05:10 GMT-1000 (Hawaii-Aleutian Standard Time)
GET /articles/mybook%204 Sat Feb 02 2019 17:05:10 GMT-1000 (Hawaii-Aleutian Standard Time)
GET /articles Sat Feb 02 2019 17:05:13 GMT-1000 (Hawaii-Aleutian Standard Time)
PUT /articles/Mybook%204 Sat Feb 02 2019 17:05:17 GMT-1000 (Hawaii-Aleutian Standard Time)
GET /articles/Mybook%204 Sat Feb 02 2019 17:05:17 GMT-1000 (Hawaii-Aleutian Standard Time)
GET /articles Sat Feb 02 2019 17:05:20 GMT-1000 (Hawaii-Aleutian Standard Time)
GET /articles/mybook Sat Feb 02 2019 17:05:28 GMT-1000 (Hawaii-Aleutian Standard Time)
PUT /articles/Mybook Sat Feb 02 2019 17:06:08 GMT-1000 (Hawaii-Aleutian Standard Time)
GET /articles/Mybook Sat Feb 02 2019 17:06:08 GMT-1000 (Hawaii-Aleutian Standard Time)
GET /articles Sat Feb 02 2019 17:06:14 GMT-1000 (Hawaii-Aleutian Standard Time)
GET /articles/mybook%204 Sat Feb 02 2019 17:06:20 GMT-1000 (Hawaii-Aleutian Standard Time)
PUT /articles/Mybook Sat Feb 02 2019 17:07:40 GMT-1000 (Hawaii-Aleutian Standard Time)
GET /articles/mybook%204 Sat Feb 02 2019 17:07:40 GMT-1000 (Hawaii-Aleutian Standard Time)
PUT /articles/Mybook Sat Feb 02 2019 17:07:44 GMT-1000 (Hawaii-Aleutian Standard Time)
GET /articles/mybook%204 Sat Feb 02 2019 17:07:44 GMT-1000 (Hawaii-Aleutian Standard Time)
GET /articles Sat Feb 02 2019 17:07:49 GMT-1000 (Hawaii-Aleutian Standard Time)
GET /articles Sat Feb 02 2019 17:07:50 GMT-1000 (Hawaii-Aleutian Standard Time)
GET /articles/mybook Sat Feb 02 2019 17:07:56 GMT-1000 (Hawaii-Aleutian Standard Time)
GET /articles/mybook%204 Sat Feb 02 2019 17:08:03 GMT-1000 (Hawaii-Aleutian Standard Time)
PUT /articles/Mybook%204 Sat Feb 02 2019 17:08:13 GMT-1000 (Hawaii-Aleutian Standard Time)
GET /articles/mybook Sat Feb 02 2019 17:08:14 GMT-1000 (Hawaii-Aleutian Standard Time)
GET /articles/mybook%204 Sat Feb 02 2019 17:08:16 GMT-1000 (Hawaii-Aleutian Standard Time)
GET /articles/mybook Sat Feb 02 2019 17:08:19 GMT-1000 (Hawaii-Aleutian Standard Time)
