POST /articles/ Tue Jan 29 2019 15:10:02 GMT-1000 (Hawaii-Aleutian Standard Time)
GET /products Tue Jan 29 2019 15:45:54 GMT-1000 (Hawaii-Aleutian Standard Time)
GET /products Tue Jan 29 2019 16:08:42 GMT-1000 (Hawaii-Aleutian Standard Time)
POST /products Tue Jan 29 2019 16:10:41 GMT-1000 (Hawaii-Aleutian Standard Time)
POST /products Tue Jan 29 2019 16:11:46 GMT-1000 (Hawaii-Aleutian Standard Time)
POST /products Tue Jan 29 2019 16:13:02 GMT-1000 (Hawaii-Aleutian Standard Time)
POST /products Tue Jan 29 2019 16:13:02 GMT-1000 (Hawaii-Aleutian Standard Time)
POST /articles/ Tue Jan 29 2019 16:28:56 GMT-1000 (Hawaii-Aleutian Standard Time)
GET /articles/Mybook%206 Tue Jan 29 2019 16:28:56 GMT-1000 (Hawaii-Aleutian Standard Time)
POST /articles/ Tue Jan 29 2019 16:29:23 GMT-1000 (Hawaii-Aleutian Standard Time)
GET /articles/Mybook%206 Tue Jan 29 2019 16:29:23 GMT-1000 (Hawaii-Aleutian Standard Time)
UNLINK /articles/ Tue Jan 29 2019 16:29:52 GMT-1000 (Hawaii-Aleutian Standard Time)
POST /articles/ Tue Jan 29 2019 16:31:26 GMT-1000 (Hawaii-Aleutian Standard Time)
POST /articles/ Tue Jan 29 2019 16:32:13 GMT-1000 (Hawaii-Aleutian Standard Time)
POST /articles/ Tue Jan 29 2019 16:32:42 GMT-1000 (Hawaii-Aleutian Standard Time)
POST /articles/ Tue Jan 29 2019 16:32:57 GMT-1000 (Hawaii-Aleutian Standard Time)
GET /articles/Mybook%206 Tue Jan 29 2019 16:32:57 GMT-1000 (Hawaii-Aleutian Standard Time)
POST /articles/ Tue Jan 29 2019 16:33:08 GMT-1000 (Hawaii-Aleutian Standard Time)
POST /articles/ Tue Jan 29 2019 16:35:40 GMT-1000 (Hawaii-Aleutian Standard Time)
POST /articles/ Tue Jan 29 2019 16:37:01 GMT-1000 (Hawaii-Aleutian Standard Time)
POST /articles/ Tue Jan 29 2019 16:37:49 GMT-1000 (Hawaii-Aleutian Standard Time)
POST /articles/ Tue Jan 29 2019 16:37:52 GMT-1000 (Hawaii-Aleutian Standard Time)
POST /articles/ Tue Jan 29 2019 16:38:19 GMT-1000 (Hawaii-Aleutian Standard Time)
POST /articles/ Tue Jan 29 2019 16:38:40 GMT-1000 (Hawaii-Aleutian Standard Time)
POST /articles/ Tue Jan 29 2019 16:39:25 GMT-1000 (Hawaii-Aleutian Standard Time)
GET /articles/Mybook%206 Tue Jan 29 2019 16:39:26 GMT-1000 (Hawaii-Aleutian Standard Time)
POST /articles/ Tue Jan 29 2019 16:39:44 GMT-1000 (Hawaii-Aleutian Standard Time)
GET /articles/Mybook%206 Tue Jan 29 2019 16:39:44 GMT-1000 (Hawaii-Aleutian Standard Time)
POST /articles/ Tue Jan 29 2019 16:40:18 GMT-1000 (Hawaii-Aleutian Standard Time)
GET /articles/Mybook%206 Tue Jan 29 2019 16:40:18 GMT-1000 (Hawaii-Aleutian Standard Time)
POST /articles/ Tue Jan 29 2019 16:42:39 GMT-1000 (Hawaii-Aleutian Standard Time)
POST /articles/ Tue Jan 29 2019 16:42:53 GMT-1000 (Hawaii-Aleutian Standard Time)
GET /articles/Mybook%2066 Tue Jan 29 2019 16:42:53 GMT-1000 (Hawaii-Aleutian Standard Time)
POST /articles/ Tue Jan 29 2019 16:43:39 GMT-1000 (Hawaii-Aleutian Standard Time)
GET /articles/Mybook%2066 Tue Jan 29 2019 16:43:39 GMT-1000 (Hawaii-Aleutian Standard Time)
POST /articles/ Tue Jan 29 2019 16:44:41 GMT-1000 (Hawaii-Aleutian Standard Time)
GET /articles/Mybook%2066 Tue Jan 29 2019 16:44:41 GMT-1000 (Hawaii-Aleutian Standard Time)
POST /articles/ Tue Jan 29 2019 16:53:22 GMT-1000 (Hawaii-Aleutian Standard Time)
GET /articles/Mybook%2066 Tue Jan 29 2019 16:53:22 GMT-1000 (Hawaii-Aleutian Standard Time)
POST /articles/ Tue Jan 29 2019 16:53:23 GMT-1000 (Hawaii-Aleutian Standard Time)
POST /articles/ Tue Jan 29 2019 16:53:27 GMT-1000 (Hawaii-Aleutian Standard Time)
GET /articles/Mybook%206 Tue Jan 29 2019 16:53:27 GMT-1000 (Hawaii-Aleutian Standard Time)
POST /articles/ Tue Jan 29 2019 16:53:30 GMT-1000 (Hawaii-Aleutian Standard Time)
GET /articles/Mybook%205 Tue Jan 29 2019 16:53:30 GMT-1000 (Hawaii-Aleutian Standard Time)
POST /articles/ Tue Jan 29 2019 16:53:40 GMT-1000 (Hawaii-Aleutian Standard Time)
POST /articles/ Tue Jan 29 2019 16:56:12 GMT-1000 (Hawaii-Aleutian Standard Time)
POST /articles/ Tue Jan 29 2019 16:57:43 GMT-1000 (Hawaii-Aleutian Standard Time)
POST /articles/ Tue Jan 29 2019 16:58:51 GMT-1000 (Hawaii-Aleutian Standard Time)
POST /articles/ Tue Jan 29 2019 16:59:00 GMT-1000 (Hawaii-Aleutian Standard Time)
GET /articles/Mybook%204 Tue Jan 29 2019 16:59:00 GMT-1000 (Hawaii-Aleutian Standard Time)
POST /articles/ Tue Jan 29 2019 16:59:49 GMT-1000 (Hawaii-Aleutian Standard Time)
POST /articles/ Tue Jan 29 2019 16:59:52 GMT-1000 (Hawaii-Aleutian Standard Time)
POST /articles/ Tue Jan 29 2019 17:00:05 GMT-1000 (Hawaii-Aleutian Standard Time)
POST /articles/ Tue Jan 29 2019 17:00:18 GMT-1000 (Hawaii-Aleutian Standard Time)
POST /articles/ Tue Jan 29 2019 17:00:51 GMT-1000 (Hawaii-Aleutian Standard Time)
POST /articles/ Tue Jan 29 2019 17:03:46 GMT-1000 (Hawaii-Aleutian Standard Time)
POST /articles/ Tue Jan 29 2019 17:04:18 GMT-1000 (Hawaii-Aleutian Standard Time)
GET /articles/Mybook%204 Tue Jan 29 2019 17:04:18 GMT-1000 (Hawaii-Aleutian Standard Time)
POST /articles/ Tue Jan 29 2019 17:04:20 GMT-1000 (Hawaii-Aleutian Standard Time)
POST /articles/ Tue Jan 29 2019 17:04:25 GMT-1000 (Hawaii-Aleutian Standard Time)
POST /articles/ Tue Jan 29 2019 17:05:31 GMT-1000 (Hawaii-Aleutian Standard Time)
GET /articles/Mybook%204 Tue Jan 29 2019 17:05:31 GMT-1000 (Hawaii-Aleutian Standard Time)
POST /articles/ Tue Jan 29 2019 17:05:33 GMT-1000 (Hawaii-Aleutian Standard Time)
GET /articles/Mybook%205 Tue Jan 29 2019 17:05:33 GMT-1000 (Hawaii-Aleutian Standard Time)
POST /articles/ Tue Jan 29 2019 17:05:38 GMT-1000 (Hawaii-Aleutian Standard Time)
GET /articles/Mybook%206 Tue Jan 29 2019 17:05:38 GMT-1000 (Hawaii-Aleutian Standard Time)
PUT /articles/Mybook%206 Tue Jan 29 2019 17:05:56 GMT-1000 (Hawaii-Aleutian Standard Time)
PUT /articles/Mybook%206 Tue Jan 29 2019 17:06:15 GMT-1000 (Hawaii-Aleutian Standard Time)
POST /articles/ Tue Jan 29 2019 17:06:40 GMT-1000 (Hawaii-Aleutian Standard Time)
GET /articles/Mybook%206 Tue Jan 29 2019 17:06:40 GMT-1000 (Hawaii-Aleutian Standard Time)
POST /articles/ Tue Jan 29 2019 17:06:43 GMT-1000 (Hawaii-Aleutian Standard Time)
GET /articles/Mybook%205 Tue Jan 29 2019 17:06:43 GMT-1000 (Hawaii-Aleutian Standard Time)
POST /articles/ Tue Jan 29 2019 17:06:46 GMT-1000 (Hawaii-Aleutian Standard Time)
GET /articles/Mybook%204 Tue Jan 29 2019 17:06:46 GMT-1000 (Hawaii-Aleutian Standard Time)
PUT /articles/Mybook%206 Tue Jan 29 2019 17:06:50 GMT-1000 (Hawaii-Aleutian Standard Time)
GET /articles/Mybook Tue Jan 29 2019 17:06:50 GMT-1000 (Hawaii-Aleutian Standard Time)
PUT /articles/Mybook%206 Tue Jan 29 2019 17:07:07 GMT-1000 (Hawaii-Aleutian Standard Time)
PUT /articles/Mybook%206 Tue Jan 29 2019 17:07:15 GMT-1000 (Hawaii-Aleutian Standard Time)
PUT /articles/Mybook%206 Tue Jan 29 2019 17:07:25 GMT-1000 (Hawaii-Aleutian Standard Time)
POST /products Tue Jan 29 2019 17:13:16 GMT-1000 (Hawaii-Aleutian Standard Time)
GET /products/0 Tue Jan 29 2019 17:13:16 GMT-1000 (Hawaii-Aleutian Standard Time)
POST /products Tue Jan 29 2019 17:13:18 GMT-1000 (Hawaii-Aleutian Standard Time)
GET /products/1 Tue Jan 29 2019 17:13:18 GMT-1000 (Hawaii-Aleutian Standard Time)
POST /products Tue Jan 29 2019 17:13:20 GMT-1000 (Hawaii-Aleutian Standard Time)
POST /products Tue Jan 29 2019 17:13:24 GMT-1000 (Hawaii-Aleutian Standard Time)
POST /products Tue Jan 29 2019 17:13:27 GMT-1000 (Hawaii-Aleutian Standard Time)
POST /products Tue Jan 29 2019 17:13:59 GMT-1000 (Hawaii-Aleutian Standard Time)
POST /products Tue Jan 29 2019 17:16:53 GMT-1000 (Hawaii-Aleutian Standard Time)
POST /products Tue Jan 29 2019 17:18:03 GMT-1000 (Hawaii-Aleutian Standard Time)
POST /products Tue Jan 29 2019 17:18:24 GMT-1000 (Hawaii-Aleutian Standard Time)
POST /products Tue Jan 29 2019 17:18:33 GMT-1000 (Hawaii-Aleutian Standard Time)
POST /products Tue Jan 29 2019 17:19:18 GMT-1000 (Hawaii-Aleutian Standard Time)
POST /products Tue Jan 29 2019 17:21:56 GMT-1000 (Hawaii-Aleutian Standard Time)
POST /products Tue Jan 29 2019 17:22:17 GMT-1000 (Hawaii-Aleutian Standard Time)
POST /products Tue Jan 29 2019 17:23:43 GMT-1000 (Hawaii-Aleutian Standard Time)
POST /products Tue Jan 29 2019 17:26:24 GMT-1000 (Hawaii-Aleutian Standard Time)
POST /products Tue Jan 29 2019 17:26:24 GMT-1000 (Hawaii-Aleutian Standard Time)
POST /products Tue Jan 29 2019 17:26:50 GMT-1000 (Hawaii-Aleutian Standard Time)
POST /products Tue Jan 29 2019 17:26:50 GMT-1000 (Hawaii-Aleutian Standard Time)
POST /products Tue Jan 29 2019 17:27:16 GMT-1000 (Hawaii-Aleutian Standard Time)
POST /products Tue Jan 29 2019 17:27:16 GMT-1000 (Hawaii-Aleutian Standard Time)
POST /products Tue Jan 29 2019 17:27:47 GMT-1000 (Hawaii-Aleutian Standard Time)
POST /products Tue Jan 29 2019 17:27:47 GMT-1000 (Hawaii-Aleutian Standard Time)
POST /products Tue Jan 29 2019 17:28:43 GMT-1000 (Hawaii-Aleutian Standard Time)
POST /products Tue Jan 29 2019 17:28:43 GMT-1000 (Hawaii-Aleutian Standard Time)
POST /products Tue Jan 29 2019 17:29:46 GMT-1000 (Hawaii-Aleutian Standard Time)
POST /products Tue Jan 29 2019 17:29:46 GMT-1000 (Hawaii-Aleutian Standard Time)
POST /products Tue Jan 29 2019 17:29:46 GMT-1000 (Hawaii-Aleutian Standard Time)
POST /products Tue Jan 29 2019 17:30:04 GMT-1000 (Hawaii-Aleutian Standard Time)
POST /products Tue Jan 29 2019 17:30:04 GMT-1000 (Hawaii-Aleutian Standard Time)
POST /products Tue Jan 29 2019 17:30:04 GMT-1000 (Hawaii-Aleutian Standard Time)
POST /products Tue Jan 29 2019 17:30:38 GMT-1000 (Hawaii-Aleutian Standard Time)
POST /products Tue Jan 29 2019 17:30:38 GMT-1000 (Hawaii-Aleutian Standard Time)
POST /products Tue Jan 29 2019 17:30:38 GMT-1000 (Hawaii-Aleutian Standard Time)
POST /products Tue Jan 29 2019 17:30:56 GMT-1000 (Hawaii-Aleutian Standard Time)
POST /products Tue Jan 29 2019 17:30:56 GMT-1000 (Hawaii-Aleutian Standard Time)
POST /products Tue Jan 29 2019 17:30:56 GMT-1000 (Hawaii-Aleutian Standard Time)
POST /products Tue Jan 29 2019 17:31:08 GMT-1000 (Hawaii-Aleutian Standard Time)
POST /products Tue Jan 29 2019 17:31:08 GMT-1000 (Hawaii-Aleutian Standard Time)
POST /products Tue Jan 29 2019 17:31:08 GMT-1000 (Hawaii-Aleutian Standard Time)
POST /products Tue Jan 29 2019 18:56:03 GMT-1000 (Hawaii-Aleutian Standard Time)
POST /products Tue Jan 29 2019 18:56:03 GMT-1000 (Hawaii-Aleutian Standard Time)
POST /products Tue Jan 29 2019 18:56:03 GMT-1000 (Hawaii-Aleutian Standard Time)
POST /products/0 Tue Jan 29 2019 18:56:03 GMT-1000 (Hawaii-Aleutian Standard Time)
GET /products Tue Jan 29 2019 18:56:33 GMT-1000 (Hawaii-Aleutian Standard Time)
GET /products/0 Tue Jan 29 2019 18:56:39 GMT-1000 (Hawaii-Aleutian Standard Time)
POST /products Tue Jan 29 2019 18:57:45 GMT-1000 (Hawaii-Aleutian Standard Time)
POST /products Tue Jan 29 2019 18:57:45 GMT-1000 (Hawaii-Aleutian Standard Time)
POST /products Tue Jan 29 2019 18:57:45 GMT-1000 (Hawaii-Aleutian Standard Time)
POST /products/0 Tue Jan 29 2019 18:57:45 GMT-1000 (Hawaii-Aleutian Standard Time)
POST /products Tue Jan 29 2019 18:58:20 GMT-1000 (Hawaii-Aleutian Standard Time)
POST /products Tue Jan 29 2019 18:58:20 GMT-1000 (Hawaii-Aleutian Standard Time)
POST /products Tue Jan 29 2019 18:58:20 GMT-1000 (Hawaii-Aleutian Standard Time)
POST /products/0 Tue Jan 29 2019 18:58:20 GMT-1000 (Hawaii-Aleutian Standard Time)
POST /products Tue Jan 29 2019 18:59:30 GMT-1000 (Hawaii-Aleutian Standard Time)
POST /products Tue Jan 29 2019 18:59:30 GMT-1000 (Hawaii-Aleutian Standard Time)
POST /products Tue Jan 29 2019 18:59:30 GMT-1000 (Hawaii-Aleutian Standard Time)
PUT /products/0 Tue Jan 29 2019 18:59:30 GMT-1000 (Hawaii-Aleutian Standard Time)
POST /products Tue Jan 29 2019 18:59:30 GMT-1000 (Hawaii-Aleutian Standard Time)
POST /products Tue Jan 29 2019 18:59:30 GMT-1000 (Hawaii-Aleutian Standard Time)
POST /products Tue Jan 29 2019 18:59:46 GMT-1000 (Hawaii-Aleutian Standard Time)
POST /products Tue Jan 29 2019 18:59:46 GMT-1000 (Hawaii-Aleutian Standard Time)
POST /products Tue Jan 29 2019 18:59:46 GMT-1000 (Hawaii-Aleutian Standard Time)
PUT /products/0 Tue Jan 29 2019 18:59:46 GMT-1000 (Hawaii-Aleutian Standard Time)
POST /products Tue Jan 29 2019 18:59:46 GMT-1000 (Hawaii-Aleutian Standard Time)
POST /products Tue Jan 29 2019 18:59:46 GMT-1000 (Hawaii-Aleutian Standard Time)
POST /products Tue Jan 29 2019 19:01:57 GMT-1000 (Hawaii-Aleutian Standard Time)
POST /products Tue Jan 29 2019 19:01:57 GMT-1000 (Hawaii-Aleutian Standard Time)
POST /products Tue Jan 29 2019 19:01:57 GMT-1000 (Hawaii-Aleutian Standard Time)
PUT /products/0 Tue Jan 29 2019 19:01:57 GMT-1000 (Hawaii-Aleutian Standard Time)
POST /products Tue Jan 29 2019 19:01:57 GMT-1000 (Hawaii-Aleutian Standard Time)
POST /products Tue Jan 29 2019 19:01:57 GMT-1000 (Hawaii-Aleutian Standard Time)
POST /products Tue Jan 29 2019 19:02:37 GMT-1000 (Hawaii-Aleutian Standard Time)
POST /products Tue Jan 29 2019 19:02:37 GMT-1000 (Hawaii-Aleutian Standard Time)
POST /products Tue Jan 29 2019 19:02:37 GMT-1000 (Hawaii-Aleutian Standard Time)
PUT /products/0 Tue Jan 29 2019 19:02:37 GMT-1000 (Hawaii-Aleutian Standard Time)
POST /products Tue Jan 29 2019 19:02:37 GMT-1000 (Hawaii-Aleutian Standard Time)
POST /products Tue Jan 29 2019 19:04:09 GMT-1000 (Hawaii-Aleutian Standard Time)
POST /products Tue Jan 29 2019 19:04:09 GMT-1000 (Hawaii-Aleutian Standard Time)
POST /products Tue Jan 29 2019 19:04:09 GMT-1000 (Hawaii-Aleutian Standard Time)
PUT /products/0 Tue Jan 29 2019 19:04:09 GMT-1000 (Hawaii-Aleutian Standard Time)
POST /products Tue Jan 29 2019 19:04:09 GMT-1000 (Hawaii-Aleutian Standard Time)
POST /products Tue Jan 29 2019 19:05:27 GMT-1000 (Hawaii-Aleutian Standard Time)
POST /products Tue Jan 29 2019 19:05:27 GMT-1000 (Hawaii-Aleutian Standard Time)
POST /products Tue Jan 29 2019 19:05:27 GMT-1000 (Hawaii-Aleutian Standard Time)
PUT /products/0 Tue Jan 29 2019 19:05:27 GMT-1000 (Hawaii-Aleutian Standard Time)
POST /products Tue Jan 29 2019 19:05:27 GMT-1000 (Hawaii-Aleutian Standard Time)
POST /products Tue Jan 29 2019 19:06:05 GMT-1000 (Hawaii-Aleutian Standard Time)
POST /products Tue Jan 29 2019 19:06:05 GMT-1000 (Hawaii-Aleutian Standard Time)
POST /products Tue Jan 29 2019 19:06:06 GMT-1000 (Hawaii-Aleutian Standard Time)
PUT /products/0 Tue Jan 29 2019 19:06:06 GMT-1000 (Hawaii-Aleutian Standard Time)
POST /products Tue Jan 29 2019 19:06:06 GMT-1000 (Hawaii-Aleutian Standard Time)
POST /products Tue Jan 29 2019 19:06:06 GMT-1000 (Hawaii-Aleutian Standard Time)
POST /products Tue Jan 29 2019 19:07:14 GMT-1000 (Hawaii-Aleutian Standard Time)
POST /products Tue Jan 29 2019 19:07:14 GMT-1000 (Hawaii-Aleutian Standard Time)
POST /products Tue Jan 29 2019 19:07:14 GMT-1000 (Hawaii-Aleutian Standard Time)
PUT /products/0 Tue Jan 29 2019 19:07:14 GMT-1000 (Hawaii-Aleutian Standard Time)
POST /products Tue Jan 29 2019 19:07:14 GMT-1000 (Hawaii-Aleutian Standard Time)
POST /products Tue Jan 29 2019 19:07:43 GMT-1000 (Hawaii-Aleutian Standard Time)
POST /products Tue Jan 29 2019 19:07:43 GMT-1000 (Hawaii-Aleutian Standard Time)
POST /products Tue Jan 29 2019 19:07:43 GMT-1000 (Hawaii-Aleutian Standard Time)
PUT /products/0 Tue Jan 29 2019 19:07:43 GMT-1000 (Hawaii-Aleutian Standard Time)
POST /products Tue Jan 29 2019 19:07:43 GMT-1000 (Hawaii-Aleutian Standard Time)
POST /products Tue Jan 29 2019 19:08:04 GMT-1000 (Hawaii-Aleutian Standard Time)
POST /products Tue Jan 29 2019 19:08:04 GMT-1000 (Hawaii-Aleutian Standard Time)
POST /products Tue Jan 29 2019 19:08:04 GMT-1000 (Hawaii-Aleutian Standard Time)
PUT /products/0 Tue Jan 29 2019 19:08:04 GMT-1000 (Hawaii-Aleutian Standard Time)
PUT /products Tue Jan 29 2019 19:08:04 GMT-1000 (Hawaii-Aleutian Standard Time)
PUT /products Tue Jan 29 2019 19:08:04 GMT-1000 (Hawaii-Aleutian Standard Time)
POST /products Tue Jan 29 2019 19:08:21 GMT-1000 (Hawaii-Aleutian Standard Time)
POST /products Tue Jan 29 2019 19:08:21 GMT-1000 (Hawaii-Aleutian Standard Time)
POST /products Tue Jan 29 2019 19:08:21 GMT-1000 (Hawaii-Aleutian Standard Time)
PUT /products/0 Tue Jan 29 2019 19:08:21 GMT-1000 (Hawaii-Aleutian Standard Time)
PUT /products Tue Jan 29 2019 19:08:21 GMT-1000 (Hawaii-Aleutian Standard Time)
PUT /products Tue Jan 29 2019 19:08:21 GMT-1000 (Hawaii-Aleutian Standard Time)
POST /products Tue Jan 29 2019 19:09:37 GMT-1000 (Hawaii-Aleutian Standard Time)
POST /products Tue Jan 29 2019 19:09:37 GMT-1000 (Hawaii-Aleutian Standard Time)
POST /products Tue Jan 29 2019 19:09:55 GMT-1000 (Hawaii-Aleutian Standard Time)
POST /products Tue Jan 29 2019 19:09:55 GMT-1000 (Hawaii-Aleutian Standard Time)
POST /products Tue Jan 29 2019 19:09:55 GMT-1000 (Hawaii-Aleutian Standard Time)
PUT /products/0 Tue Jan 29 2019 19:09:55 GMT-1000 (Hawaii-Aleutian Standard Time)
PUT /products Tue Jan 29 2019 19:09:55 GMT-1000 (Hawaii-Aleutian Standard Time)
PUT /products Tue Jan 29 2019 19:09:55 GMT-1000 (Hawaii-Aleutian Standard Time)
GET /products/0 Tue Jan 29 2019 19:10:12 GMT-1000 (Hawaii-Aleutian Standard Time)
GET /products/0 Tue Jan 29 2019 19:10:24 GMT-1000 (Hawaii-Aleutian Standard Time)
GET /products/0/edit Tue Jan 29 2019 19:10:30 GMT-1000 (Hawaii-Aleutian Standard Time)
PUT /products/0 Tue Jan 29 2019 19:10:35 GMT-1000 (Hawaii-Aleutian Standard Time)
GET /products/edit Tue Jan 29 2019 19:10:35 GMT-1000 (Hawaii-Aleutian Standard Time)
POST /products Tue Jan 29 2019 19:12:22 GMT-1000 (Hawaii-Aleutian Standard Time)
POST /products Tue Jan 29 2019 19:12:22 GMT-1000 (Hawaii-Aleutian Standard Time)
POST /products Tue Jan 29 2019 19:12:22 GMT-1000 (Hawaii-Aleutian Standard Time)
PUT /products/0 Tue Jan 29 2019 19:12:22 GMT-1000 (Hawaii-Aleutian Standard Time)
PUT /products Tue Jan 29 2019 19:12:22 GMT-1000 (Hawaii-Aleutian Standard Time)
PUT /products Tue Jan 29 2019 19:12:22 GMT-1000 (Hawaii-Aleutian Standard Time)
POST /products Tue Jan 29 2019 19:12:35 GMT-1000 (Hawaii-Aleutian Standard Time)
POST /products Tue Jan 29 2019 19:12:35 GMT-1000 (Hawaii-Aleutian Standard Time)
POST /products Tue Jan 29 2019 19:12:57 GMT-1000 (Hawaii-Aleutian Standard Time)
POST /products Tue Jan 29 2019 19:12:57 GMT-1000 (Hawaii-Aleutian Standard Time)
POST /products Tue Jan 29 2019 19:12:57 GMT-1000 (Hawaii-Aleutian Standard Time)
PUT /products/0 Tue Jan 29 2019 19:12:57 GMT-1000 (Hawaii-Aleutian Standard Time)
PUT /products Tue Jan 29 2019 19:12:57 GMT-1000 (Hawaii-Aleutian Standard Time)
PUT /products Tue Jan 29 2019 19:12:57 GMT-1000 (Hawaii-Aleutian Standard Time)
POST /products Tue Jan 29 2019 19:13:38 GMT-1000 (Hawaii-Aleutian Standard Time)
POST /products Tue Jan 29 2019 19:13:38 GMT-1000 (Hawaii-Aleutian Standard Time)
POST /products Tue Jan 29 2019 19:13:38 GMT-1000 (Hawaii-Aleutian Standard Time)
PUT /products/0 Tue Jan 29 2019 19:13:38 GMT-1000 (Hawaii-Aleutian Standard Time)
PUT /products Tue Jan 29 2019 19:13:38 GMT-1000 (Hawaii-Aleutian Standard Time)
PUT /products Tue Jan 29 2019 19:13:38 GMT-1000 (Hawaii-Aleutian Standard Time)
POST /products Tue Jan 29 2019 19:13:55 GMT-1000 (Hawaii-Aleutian Standard Time)
POST /products Tue Jan 29 2019 19:13:55 GMT-1000 (Hawaii-Aleutian Standard Time)
POST /products Tue Jan 29 2019 19:13:55 GMT-1000 (Hawaii-Aleutian Standard Time)
PUT /products/0 Tue Jan 29 2019 19:13:55 GMT-1000 (Hawaii-Aleutian Standard Time)
PUT /products Tue Jan 29 2019 19:13:55 GMT-1000 (Hawaii-Aleutian Standard Time)
PUT /products Tue Jan 29 2019 19:13:55 GMT-1000 (Hawaii-Aleutian Standard Time)
POST /products Tue Jan 29 2019 19:14:30 GMT-1000 (Hawaii-Aleutian Standard Time)
POST /products Tue Jan 29 2019 19:14:30 GMT-1000 (Hawaii-Aleutian Standard Time)
POST /products Tue Jan 29 2019 19:14:30 GMT-1000 (Hawaii-Aleutian Standard Time)
PUT /products/0 Tue Jan 29 2019 19:14:30 GMT-1000 (Hawaii-Aleutian Standard Time)
PUT /products Tue Jan 29 2019 19:14:30 GMT-1000 (Hawaii-Aleutian Standard Time)
PUT /products Tue Jan 29 2019 19:14:30 GMT-1000 (Hawaii-Aleutian Standard Time)
POST /products Tue Jan 29 2019 19:17:10 GMT-1000 (Hawaii-Aleutian Standard Time)
POST /products Tue Jan 29 2019 19:17:10 GMT-1000 (Hawaii-Aleutian Standard Time)
POST /products Tue Jan 29 2019 19:17:10 GMT-1000 (Hawaii-Aleutian Standard Time)
PUT /products/0 Tue Jan 29 2019 19:17:10 GMT-1000 (Hawaii-Aleutian Standard Time)
PUT /products/2 Tue Jan 29 2019 19:17:10 GMT-1000 (Hawaii-Aleutian Standard Time)
POST /products Tue Jan 29 2019 19:17:21 GMT-1000 (Hawaii-Aleutian Standard Time)
POST /products Tue Jan 29 2019 19:17:21 GMT-1000 (Hawaii-Aleutian Standard Time)
POST /products Tue Jan 29 2019 19:17:21 GMT-1000 (Hawaii-Aleutian Standard Time)
PUT /products/0 Tue Jan 29 2019 19:17:21 GMT-1000 (Hawaii-Aleutian Standard Time)
PUT /products/2 Tue Jan 29 2019 19:17:21 GMT-1000 (Hawaii-Aleutian Standard Time)
POST /products Tue Jan 29 2019 19:18:26 GMT-1000 (Hawaii-Aleutian Standard Time)
POST /products Tue Jan 29 2019 19:18:26 GMT-1000 (Hawaii-Aleutian Standard Time)
POST /products Tue Jan 29 2019 19:18:26 GMT-1000 (Hawaii-Aleutian Standard Time)
PUT /products/0 Tue Jan 29 2019 19:18:26 GMT-1000 (Hawaii-Aleutian Standard Time)
PUT /products/2 Tue Jan 29 2019 19:18:26 GMT-1000 (Hawaii-Aleutian Standard Time)
PUT /products Tue Jan 29 2019 19:18:26 GMT-1000 (Hawaii-Aleutian Standard Time)
PUT /products Tue Jan 29 2019 19:18:26 GMT-1000 (Hawaii-Aleutian Standard Time)
POST /products Tue Jan 29 2019 19:18:50 GMT-1000 (Hawaii-Aleutian Standard Time)
POST /products Tue Jan 29 2019 19:18:50 GMT-1000 (Hawaii-Aleutian Standard Time)
POST /products Tue Jan 29 2019 19:18:50 GMT-1000 (Hawaii-Aleutian Standard Time)
PUT /products/0 Tue Jan 29 2019 19:18:50 GMT-1000 (Hawaii-Aleutian Standard Time)
PUT /products/2 Tue Jan 29 2019 19:18:50 GMT-1000 (Hawaii-Aleutian Standard Time)
PUT /products Tue Jan 29 2019 19:18:50 GMT-1000 (Hawaii-Aleutian Standard Time)
PUT /products Tue Jan 29 2019 19:18:50 GMT-1000 (Hawaii-Aleutian Standard Time)
POST /products Tue Jan 29 2019 19:20:41 GMT-1000 (Hawaii-Aleutian Standard Time)
POST /products Tue Jan 29 2019 19:20:41 GMT-1000 (Hawaii-Aleutian Standard Time)
POST /products Tue Jan 29 2019 19:20:41 GMT-1000 (Hawaii-Aleutian Standard Time)
PUT /products/0 Tue Jan 29 2019 19:20:41 GMT-1000 (Hawaii-Aleutian Standard Time)
PUT /products/2 Tue Jan 29 2019 19:20:41 GMT-1000 (Hawaii-Aleutian Standard Time)
PUT /products Tue Jan 29 2019 19:20:41 GMT-1000 (Hawaii-Aleutian Standard Time)
PUT /products Tue Jan 29 2019 19:20:41 GMT-1000 (Hawaii-Aleutian Standard Time)
POST /products Tue Jan 29 2019 19:21:09 GMT-1000 (Hawaii-Aleutian Standard Time)
POST /products Tue Jan 29 2019 19:21:09 GMT-1000 (Hawaii-Aleutian Standard Time)
POST /products Tue Jan 29 2019 19:21:09 GMT-1000 (Hawaii-Aleutian Standard Time)
PUT /products/0 Tue Jan 29 2019 19:21:09 GMT-1000 (Hawaii-Aleutian Standard Time)
PUT /products/2 Tue Jan 29 2019 19:21:09 GMT-1000 (Hawaii-Aleutian Standard Time)
PUT /products Tue Jan 29 2019 19:21:09 GMT-1000 (Hawaii-Aleutian Standard Time)
PUT /products Tue Jan 29 2019 19:21:09 GMT-1000 (Hawaii-Aleutian Standard Time)
DELETE /products/0 Tue Jan 29 2019 19:21:09 GMT-1000 (Hawaii-Aleutian Standard Time)
DELETE /products/2 Tue Jan 29 2019 19:21:09 GMT-1000 (Hawaii-Aleutian Standard Time)
POST /products Tue Jan 29 2019 19:21:30 GMT-1000 (Hawaii-Aleutian Standard Time)
POST /products Tue Jan 29 2019 19:21:30 GMT-1000 (Hawaii-Aleutian Standard Time)
POST /products Tue Jan 29 2019 19:21:30 GMT-1000 (Hawaii-Aleutian Standard Time)
PUT /products/0 Tue Jan 29 2019 19:21:30 GMT-1000 (Hawaii-Aleutian Standard Time)
PUT /products/2 Tue Jan 29 2019 19:21:30 GMT-1000 (Hawaii-Aleutian Standard Time)
PUT /products Tue Jan 29 2019 19:21:30 GMT-1000 (Hawaii-Aleutian Standard Time)
PUT /products Tue Jan 29 2019 19:21:30 GMT-1000 (Hawaii-Aleutian Standard Time)
DELETE /products/0 Tue Jan 29 2019 19:21:30 GMT-1000 (Hawaii-Aleutian Standard Time)
DELETE /products/2 Tue Jan 29 2019 19:21:30 GMT-1000 (Hawaii-Aleutian Standard Time)
POST /products Tue Jan 29 2019 19:22:57 GMT-1000 (Hawaii-Aleutian Standard Time)
POST /products Tue Jan 29 2019 19:22:57 GMT-1000 (Hawaii-Aleutian Standard Time)
POST /products Tue Jan 29 2019 19:22:57 GMT-1000 (Hawaii-Aleutian Standard Time)
PUT /products/0 Tue Jan 29 2019 19:22:57 GMT-1000 (Hawaii-Aleutian Standard Time)
PUT /products/2 Tue Jan 29 2019 19:22:57 GMT-1000 (Hawaii-Aleutian Standard Time)
PUT /products Tue Jan 29 2019 19:22:57 GMT-1000 (Hawaii-Aleutian Standard Time)
PUT /products Tue Jan 29 2019 19:22:57 GMT-1000 (Hawaii-Aleutian Standard Time)
DELETE /products/0 Tue Jan 29 2019 19:22:57 GMT-1000 (Hawaii-Aleutian Standard Time)
DELETE /products/2 Tue Jan 29 2019 19:22:57 GMT-1000 (Hawaii-Aleutian Standard Time)
POST /products Tue Jan 29 2019 19:25:14 GMT-1000 (Hawaii-Aleutian Standard Time)
POST /products Tue Jan 29 2019 19:25:14 GMT-1000 (Hawaii-Aleutian Standard Time)
POST /products Tue Jan 29 2019 19:25:14 GMT-1000 (Hawaii-Aleutian Standard Time)
PUT /products/0 Tue Jan 29 2019 19:25:14 GMT-1000 (Hawaii-Aleutian Standard Time)
PUT /products/2 Tue Jan 29 2019 19:25:14 GMT-1000 (Hawaii-Aleutian Standard Time)
PUT /products Tue Jan 29 2019 19:25:14 GMT-1000 (Hawaii-Aleutian Standard Time)
PUT /products Tue Jan 29 2019 19:25:14 GMT-1000 (Hawaii-Aleutian Standard Time)
DELETE /products/0 Tue Jan 29 2019 19:25:14 GMT-1000 (Hawaii-Aleutian Standard Time)
DELETE /products/2 Tue Jan 29 2019 19:25:14 GMT-1000 (Hawaii-Aleutian Standard Time)
GET /products Tue Jan 29 2019 19:25:14 GMT-1000 (Hawaii-Aleutian Standard Time)
PUT /products/2 Tue Jan 29 2019 19:25:14 GMT-1000 (Hawaii-Aleutian Standard Time)
PUT /products Tue Jan 29 2019 19:25:14 GMT-1000 (Hawaii-Aleutian Standard Time)
PUT /products Tue Jan 29 2019 19:25:14 GMT-1000 (Hawaii-Aleutian Standard Time)
POST /products Tue Jan 29 2019 19:26:30 GMT-1000 (Hawaii-Aleutian Standard Time)
POST /products Tue Jan 29 2019 19:26:30 GMT-1000 (Hawaii-Aleutian Standard Time)
POST /products Tue Jan 29 2019 19:26:30 GMT-1000 (Hawaii-Aleutian Standard Time)
PUT /products/0 Tue Jan 29 2019 19:26:30 GMT-1000 (Hawaii-Aleutian Standard Time)
PUT /products/2 Tue Jan 29 2019 19:26:30 GMT-1000 (Hawaii-Aleutian Standard Time)
PUT /products Tue Jan 29 2019 19:26:30 GMT-1000 (Hawaii-Aleutian Standard Time)
PUT /products Tue Jan 29 2019 19:26:30 GMT-1000 (Hawaii-Aleutian Standard Time)
DELETE /products/0 Tue Jan 29 2019 19:26:30 GMT-1000 (Hawaii-Aleutian Standard Time)
DELETE /products/2 Tue Jan 29 2019 19:26:30 GMT-1000 (Hawaii-Aleutian Standard Time)
GET /products Tue Jan 29 2019 19:26:30 GMT-1000 (Hawaii-Aleutian Standard Time)
GET /products/0 Tue Jan 29 2019 19:26:30 GMT-1000 (Hawaii-Aleutian Standard Time)
PUT /products Tue Jan 29 2019 19:26:30 GMT-1000 (Hawaii-Aleutian Standard Time)
PUT /products Tue Jan 29 2019 19:26:30 GMT-1000 (Hawaii-Aleutian Standard Time)
POST /products Tue Jan 29 2019 19:30:28 GMT-1000 (Hawaii-Aleutian Standard Time)
POST /products Tue Jan 29 2019 19:30:28 GMT-1000 (Hawaii-Aleutian Standard Time)
POST /products Tue Jan 29 2019 19:30:28 GMT-1000 (Hawaii-Aleutian Standard Time)
PUT /products/0 Tue Jan 29 2019 19:30:28 GMT-1000 (Hawaii-Aleutian Standard Time)
PUT /products/2 Tue Jan 29 2019 19:30:28 GMT-1000 (Hawaii-Aleutian Standard Time)
PUT /products Tue Jan 29 2019 19:30:28 GMT-1000 (Hawaii-Aleutian Standard Time)
PUT /products Tue Jan 29 2019 19:30:28 GMT-1000 (Hawaii-Aleutian Standard Time)
DELETE /products/0 Tue Jan 29 2019 19:30:28 GMT-1000 (Hawaii-Aleutian Standard Time)
DELETE /products/2 Tue Jan 29 2019 19:30:28 GMT-1000 (Hawaii-Aleutian Standard Time)
GET /products Tue Jan 29 2019 19:30:28 GMT-1000 (Hawaii-Aleutian Standard Time)
GET /products/0 Tue Jan 29 2019 19:30:28 GMT-1000 (Hawaii-Aleutian Standard Time)
GET /products/0/edit Tue Jan 29 2019 19:30:28 GMT-1000 (Hawaii-Aleutian Standard Time)
POST /products Tue Jan 29 2019 19:30:45 GMT-1000 (Hawaii-Aleutian Standard Time)
POST /products Tue Jan 29 2019 19:30:45 GMT-1000 (Hawaii-Aleutian Standard Time)
POST /products Tue Jan 29 2019 19:30:45 GMT-1000 (Hawaii-Aleutian Standard Time)
PUT /products/0 Tue Jan 29 2019 19:30:45 GMT-1000 (Hawaii-Aleutian Standard Time)
PUT /products/2 Tue Jan 29 2019 19:30:45 GMT-1000 (Hawaii-Aleutian Standard Time)
PUT /products Tue Jan 29 2019 19:30:45 GMT-1000 (Hawaii-Aleutian Standard Time)
PUT /products Tue Jan 29 2019 19:30:45 GMT-1000 (Hawaii-Aleutian Standard Time)
DELETE /products/0 Tue Jan 29 2019 19:30:45 GMT-1000 (Hawaii-Aleutian Standard Time)
DELETE /products/2 Tue Jan 29 2019 19:30:45 GMT-1000 (Hawaii-Aleutian Standard Time)
GET /products Tue Jan 29 2019 19:30:45 GMT-1000 (Hawaii-Aleutian Standard Time)
GET /products/0 Tue Jan 29 2019 19:30:45 GMT-1000 (Hawaii-Aleutian Standard Time)
GET /products/0/edit Tue Jan 29 2019 19:30:45 GMT-1000 (Hawaii-Aleutian Standard Time)
GET /products/new Tue Jan 29 2019 19:30:45 GMT-1000 (Hawaii-Aleutian Standard Time)
GET /products/edit Tue Jan 29 2019 19:31:21 GMT-1000 (Hawaii-Aleutian Standard Time)
POST /products Tue Jan 29 2019 19:31:30 GMT-1000 (Hawaii-Aleutian Standard Time)
POST /products Tue Jan 29 2019 19:31:30 GMT-1000 (Hawaii-Aleutian Standard Time)
POST /products Tue Jan 29 2019 19:31:30 GMT-1000 (Hawaii-Aleutian Standard Time)
PUT /products/0 Tue Jan 29 2019 19:31:30 GMT-1000 (Hawaii-Aleutian Standard Time)
PUT /products/2 Tue Jan 29 2019 19:31:30 GMT-1000 (Hawaii-Aleutian Standard Time)
PUT /products Tue Jan 29 2019 19:31:30 GMT-1000 (Hawaii-Aleutian Standard Time)
PUT /products Tue Jan 29 2019 19:31:30 GMT-1000 (Hawaii-Aleutian Standard Time)
DELETE /products/0 Tue Jan 29 2019 19:31:30 GMT-1000 (Hawaii-Aleutian Standard Time)
DELETE /products/2 Tue Jan 29 2019 19:31:30 GMT-1000 (Hawaii-Aleutian Standard Time)
GET /products Tue Jan 29 2019 19:31:30 GMT-1000 (Hawaii-Aleutian Standard Time)
GET /products/0 Tue Jan 29 2019 19:31:30 GMT-1000 (Hawaii-Aleutian Standard Time)
GET /products/edit Tue Jan 29 2019 19:31:30 GMT-1000 (Hawaii-Aleutian Standard Time)
GET /products/new Tue Jan 29 2019 19:31:30 GMT-1000 (Hawaii-Aleutian Standard Time)
GET /products/0/edit Tue Jan 29 2019 19:31:50 GMT-1000 (Hawaii-Aleutian Standard Time)
POST /products Tue Jan 29 2019 19:32:00 GMT-1000 (Hawaii-Aleutian Standard Time)
POST /products Tue Jan 29 2019 19:32:00 GMT-1000 (Hawaii-Aleutian Standard Time)
POST /products Tue Jan 29 2019 19:32:00 GMT-1000 (Hawaii-Aleutian Standard Time)
PUT /products/0 Tue Jan 29 2019 19:32:00 GMT-1000 (Hawaii-Aleutian Standard Time)
PUT /products/2 Tue Jan 29 2019 19:32:00 GMT-1000 (Hawaii-Aleutian Standard Time)
PUT /products Tue Jan 29 2019 19:32:00 GMT-1000 (Hawaii-Aleutian Standard Time)
PUT /products Tue Jan 29 2019 19:32:00 GMT-1000 (Hawaii-Aleutian Standard Time)
DELETE /products/0 Tue Jan 29 2019 19:32:00 GMT-1000 (Hawaii-Aleutian Standard Time)
DELETE /products/2 Tue Jan 29 2019 19:32:00 GMT-1000 (Hawaii-Aleutian Standard Time)
GET /products Tue Jan 29 2019 19:32:00 GMT-1000 (Hawaii-Aleutian Standard Time)
GET /products/0 Tue Jan 29 2019 19:32:00 GMT-1000 (Hawaii-Aleutian Standard Time)
GET /products/edit Tue Jan 29 2019 19:32:00 GMT-1000 (Hawaii-Aleutian Standard Time)
GET /products/new Tue Jan 29 2019 19:32:00 GMT-1000 (Hawaii-Aleutian Standard Time)
GET /products/ Tue Jan 29 2019 19:32:04 GMT-1000 (Hawaii-Aleutian Standard Time)
GET /products/0/edit Tue Jan 29 2019 19:32:12 GMT-1000 (Hawaii-Aleutian Standard Time)
POST /products Tue Jan 29 2019 19:34:13 GMT-1000 (Hawaii-Aleutian Standard Time)
POST /products Tue Jan 29 2019 19:34:13 GMT-1000 (Hawaii-Aleutian Standard Time)
POST /products Tue Jan 29 2019 19:34:13 GMT-1000 (Hawaii-Aleutian Standard Time)
PUT /products/0 Tue Jan 29 2019 19:34:13 GMT-1000 (Hawaii-Aleutian Standard Time)
PUT /products/2 Tue Jan 29 2019 19:34:13 GMT-1000 (Hawaii-Aleutian Standard Time)
PUT /products Tue Jan 29 2019 19:34:13 GMT-1000 (Hawaii-Aleutian Standard Time)
PUT /products Tue Jan 29 2019 19:34:13 GMT-1000 (Hawaii-Aleutian Standard Time)
DELETE /products/0 Tue Jan 29 2019 19:34:13 GMT-1000 (Hawaii-Aleutian Standard Time)
DELETE /products/2 Tue Jan 29 2019 19:34:13 GMT-1000 (Hawaii-Aleutian Standard Time)
GET /products Tue Jan 29 2019 19:34:13 GMT-1000 (Hawaii-Aleutian Standard Time)
GET /products/0 Tue Jan 29 2019 19:34:13 GMT-1000 (Hawaii-Aleutian Standard Time)
GET /products/edit Tue Jan 29 2019 19:34:13 GMT-1000 (Hawaii-Aleutian Standard Time)
GET /products/new Tue Jan 29 2019 19:34:13 GMT-1000 (Hawaii-Aleutian Standard Time)
GET /products/0/edit Tue Jan 29 2019 19:34:16 GMT-1000 (Hawaii-Aleutian Standard Time)
POST /products Tue Jan 29 2019 19:34:59 GMT-1000 (Hawaii-Aleutian Standard Time)
POST /products Tue Jan 29 2019 19:34:59 GMT-1000 (Hawaii-Aleutian Standard Time)
POST /products Tue Jan 29 2019 19:34:59 GMT-1000 (Hawaii-Aleutian Standard Time)
PUT /products/0 Tue Jan 29 2019 19:34:59 GMT-1000 (Hawaii-Aleutian Standard Time)
PUT /products/2 Tue Jan 29 2019 19:34:59 GMT-1000 (Hawaii-Aleutian Standard Time)
PUT /products Tue Jan 29 2019 19:34:59 GMT-1000 (Hawaii-Aleutian Standard Time)
PUT /products Tue Jan 29 2019 19:34:59 GMT-1000 (Hawaii-Aleutian Standard Time)
DELETE /products/0 Tue Jan 29 2019 19:34:59 GMT-1000 (Hawaii-Aleutian Standard Time)
DELETE /products/2 Tue Jan 29 2019 19:34:59 GMT-1000 (Hawaii-Aleutian Standard Time)
GET /products Tue Jan 29 2019 19:34:59 GMT-1000 (Hawaii-Aleutian Standard Time)
GET /products/0 Tue Jan 29 2019 19:34:59 GMT-1000 (Hawaii-Aleutian Standard Time)
GET /products/edit Tue Jan 29 2019 19:34:59 GMT-1000 (Hawaii-Aleutian Standard Time)
GET /products/new Tue Jan 29 2019 19:34:59 GMT-1000 (Hawaii-Aleutian Standard Time)
POST /products Tue Jan 29 2019 19:35:37 GMT-1000 (Hawaii-Aleutian Standard Time)
POST /products Tue Jan 29 2019 19:35:37 GMT-1000 (Hawaii-Aleutian Standard Time)
POST /products Tue Jan 29 2019 19:35:37 GMT-1000 (Hawaii-Aleutian Standard Time)
PUT /products/0 Tue Jan 29 2019 19:35:37 GMT-1000 (Hawaii-Aleutian Standard Time)
PUT /products/2 Tue Jan 29 2019 19:35:37 GMT-1000 (Hawaii-Aleutian Standard Time)
PUT /products Tue Jan 29 2019 19:35:37 GMT-1000 (Hawaii-Aleutian Standard Time)
PUT /products Tue Jan 29 2019 19:35:37 GMT-1000 (Hawaii-Aleutian Standard Time)
DELETE /products/0 Tue Jan 29 2019 19:35:37 GMT-1000 (Hawaii-Aleutian Standard Time)
DELETE /products/2 Tue Jan 29 2019 19:35:37 GMT-1000 (Hawaii-Aleutian Standard Time)
GET /products Tue Jan 29 2019 19:35:37 GMT-1000 (Hawaii-Aleutian Standard Time)
GET /products/0 Tue Jan 29 2019 19:35:37 GMT-1000 (Hawaii-Aleutian Standard Time)
GET /products/edit Tue Jan 29 2019 19:35:37 GMT-1000 (Hawaii-Aleutian Standard Time)
GET /products/new Tue Jan 29 2019 19:35:37 GMT-1000 (Hawaii-Aleutian Standard Time)
POST /products Tue Jan 29 2019 19:36:09 GMT-1000 (Hawaii-Aleutian Standard Time)
POST /products Tue Jan 29 2019 19:36:09 GMT-1000 (Hawaii-Aleutian Standard Time)
POST /products Tue Jan 29 2019 19:36:09 GMT-1000 (Hawaii-Aleutian Standard Time)
PUT /products/0 Tue Jan 29 2019 19:36:09 GMT-1000 (Hawaii-Aleutian Standard Time)
PUT /products/2 Tue Jan 29 2019 19:36:09 GMT-1000 (Hawaii-Aleutian Standard Time)
PUT /products Tue Jan 29 2019 19:36:09 GMT-1000 (Hawaii-Aleutian Standard Time)
PUT /products Tue Jan 29 2019 19:36:09 GMT-1000 (Hawaii-Aleutian Standard Time)
DELETE /products/0 Tue Jan 29 2019 19:36:09 GMT-1000 (Hawaii-Aleutian Standard Time)
DELETE /products/2 Tue Jan 29 2019 19:36:09 GMT-1000 (Hawaii-Aleutian Standard Time)
GET /products Tue Jan 29 2019 19:36:09 GMT-1000 (Hawaii-Aleutian Standard Time)
GET /products/0 Tue Jan 29 2019 19:36:09 GMT-1000 (Hawaii-Aleutian Standard Time)
GET /products/edit Tue Jan 29 2019 19:36:09 GMT-1000 (Hawaii-Aleutian Standard Time)
GET /products/new Tue Jan 29 2019 19:36:09 GMT-1000 (Hawaii-Aleutian Standard Time)
